#
# There is insufficient memory for the Java Runtime Environment to continue.
# Native memory allocation (malloc) failed to allocate 545936 bytes for Chunk::new
# Possible reasons:
#   The system is out of physical RAM or swap space
#   The process is running with CompressedOops enabled, and the Java Heap may be blocking the growth of the native heap
# Possible solutions:
#   Reduce memory load on the system
#   Increase physical memory or swap space
#   Check if swap backing store is full
#   Decrease Java heap size (-Xmx/-Xms)
#   Decrease number of Java threads
#   Decrease Java thread stack sizes (-Xss)
#   Set larger code cache with -XX:ReservedCodeCacheSize=
#   JVM is running with Unscaled Compressed Oops mode in which the Java heap is
#     placed in the first 4GB address space. The Java Heap base address is the
#     maximum limit for the native heap growth. Please use -XX:HeapBaseMinAddress
#     to set the Java Heap base and to place the Java Heap above 4GB virtual address.
# This output file may be truncated or incomplete.
#
#  Out of Memory Error (./open/src/hotspot/share/memory/arena.cpp:197), pid=166320, tid=112220
#
# JRE version: Java(TM) SE Runtime Environment 18.9 (11.0.15+8) (build 11.0.15+8-LTS-149)
# Java VM: Java HotSpot(TM) 64-Bit Server VM 18.9 (11.0.15+8-LTS-149, mixed mode, tiered, compressed oops, g1 gc, windows-amd64)
# No core dump will be written. Minidumps are not enabled by default on client versions of Windows
#

---------------  S U M M A R Y ------------

Command Line: -XX:MaxMetaspaceSize=512m --add-opens=java.base/java.util=ALL-UNNAMED --add-opens=java.base/java.lang=ALL-UNNAMED --add-opens=java.base/java.lang.invoke=ALL-UNNAMED --add-opens=java.base/java.util=ALL-UNNAMED --add-opens=java.prefs/java.util.prefs=ALL-UNNAMED --add-opens=java.prefs/java.util.prefs=ALL-UNNAMED --add-opens=java.base/java.nio.charset=ALL-UNNAMED --add-opens=java.base/java.net=ALL-UNNAMED --add-opens=java.base/java.util.concurrent.atomic=ALL-UNNAMED -Xmx2048m -Dfile.encoding=utf8 -Duser.country=FI -Duser.language=fi -Duser.variant org.gradle.launcher.daemon.bootstrap.GradleDaemon 7.3.3

Host: AMD Ryzen 7 5700U with Radeon Graphics         , 16 cores, 13G,  Windows 11 , 64 bit Build 22000 (10.0.22000.708)
Time: Thu Jun 30 14:00:04 2022 Suomen kesäaika elapsed time: 770.680667 seconds (0d 0h 12m 50s)

---------------  T H R E A D  ---------------

Current thread (0x000001eb1a675800):  JavaThread "C2 CompilerThread0" daemon [_thread_in_native, id=112220, stack(0x000000b1d1a00000,0x000000b1d1b00000)]


Current CompileTask:
C2: 770680 13278       4       java.lang.Module::implIsExportedOrOpen (92 bytes)

Stack: [0x000000b1d1a00000,0x000000b1d1b00000]
Native frames: (J=compiled Java code, j=interpreted, Vv=VM code, C=native code)
V  [jvm.dll+0x629d8a]
V  [jvm.dll+0x7638ff]
V  [jvm.dll+0x764fa9]
V  [jvm.dll+0x765633]
V  [jvm.dll+0x23d9c8]
V  [jvm.dll+0xb2a1c]
V  [jvm.dll+0xb2fdc]
V  [jvm.dll+0x2ae744]
V  [jvm.dll+0x53d4c6]
V  [jvm.dll+0x20089d]
V  [jvm.dll+0x1fa64a]
V  [jvm.dll+0x1f762d]
V  [jvm.dll+0x177c51]
V  [jvm.dll+0x207026]
V  [jvm.dll+0x2051bb]
V  [jvm.dll+0x729820]
V  [jvm.dll+0x7223f4]
V  [jvm.dll+0x628c26]
C  [ucrtbase.dll+0x26c0c]
C  [KERNEL32.DLL+0x154e0]
C  [ntdll.dll+0x485b]


---------------  P R O C E S S  ---------------

Threads class SMR info:
_java_thread_list=0x000001eb22d9ec60, length=46, elements={
0x000001eb7aec1000, 0x000001eb1a60e800, 0x000001eb1a619800, 0x000001eb1a62b800,
0x000001eb1a673000, 0x000001eb1a674800, 0x000001eb1a675800, 0x000001eb1a676800,
0x000001eb1a681800, 0x000001eb1a7f2800, 0x000001eb1c96b800, 0x000001eb1a9cc000,
0x000001eb1a922000, 0x000001eb1d6e8000, 0x000001eb1cb14000, 0x000001eb1c584000,
0x000001eb1c583800, 0x000001eb1c585000, 0x000001eb1c586800, 0x000001eb1c587800,
0x000001eb1c581800, 0x000001eb1c588000, 0x000001eb1f687800, 0x000001eb1f68a000,
0x000001eb1f684000, 0x000001eb1f685000, 0x000001eb1f68b800, 0x000001eb1f686000,
0x000001eb1f68c800, 0x000001eb1f68d000, 0x000001eb1f68e000, 0x000001eb1c582800,
0x000001eb1c585800, 0x000001eb1b644800, 0x000001eb1b645800, 0x000001eb1b644000,
0x000001eb234db000, 0x000001eb234dc800, 0x000001eb234de000, 0x000001eb234d8800,
0x000001eb23568000, 0x000001eb2356a800, 0x000001eb23569000, 0x000001eb23565800,
0x000001eb23565000, 0x000001eb2356b800
}

Java Threads: ( => current thread )
  0x000001eb7aec1000 JavaThread "main" [_thread_blocked, id=160720, stack(0x000000b1d0e00000,0x000000b1d0f00000)]
  0x000001eb1a60e800 JavaThread "Reference Handler" daemon [_thread_blocked, id=169560, stack(0x000000b1d1500000,0x000000b1d1600000)]
  0x000001eb1a619800 JavaThread "Finalizer" daemon [_thread_blocked, id=165516, stack(0x000000b1d1600000,0x000000b1d1700000)]
  0x000001eb1a62b800 JavaThread "Signal Dispatcher" daemon [_thread_blocked, id=158924, stack(0x000000b1d1700000,0x000000b1d1800000)]
  0x000001eb1a673000 JavaThread "Attach Listener" daemon [_thread_blocked, id=147840, stack(0x000000b1d1800000,0x000000b1d1900000)]
  0x000001eb1a674800 JavaThread "Service Thread" daemon [_thread_blocked, id=76020, stack(0x000000b1d1900000,0x000000b1d1a00000)]
=>0x000001eb1a675800 JavaThread "C2 CompilerThread0" daemon [_thread_in_native, id=112220, stack(0x000000b1d1a00000,0x000000b1d1b00000)]
  0x000001eb1a676800 JavaThread "C1 CompilerThread0" daemon [_thread_blocked, id=158068, stack(0x000000b1d1b00000,0x000000b1d1c00000)]
  0x000001eb1a681800 JavaThread "Sweeper thread" daemon [_thread_blocked, id=139248, stack(0x000000b1d1c00000,0x000000b1d1d00000)]
  0x000001eb1a7f2800 JavaThread "Common-Cleaner" daemon [_thread_blocked, id=173480, stack(0x000000b1d1e00000,0x000000b1d1f00000)]
  0x000001eb1c96b800 JavaThread "Daemon health stats" [_thread_blocked, id=142604, stack(0x000000b1d2800000,0x000000b1d2900000)]
  0x000001eb1a9cc000 JavaThread "Incoming local TCP Connector on port 54390" [_thread_in_native, id=172892, stack(0x000000b1d2000000,0x000000b1d2100000)]
  0x000001eb1a922000 JavaThread "Daemon periodic checks" [_thread_blocked, id=173976, stack(0x000000b1d2100000,0x000000b1d2200000)]
  0x000001eb1d6e8000 JavaThread "Daemon" [_thread_blocked, id=170184, stack(0x000000b1d2900000,0x000000b1d2a00000)]
  0x000001eb1cb14000 JavaThread "Daemon worker" [_thread_in_native, id=173924, stack(0x000000b1d2c00000,0x000000b1d2d00000)]
  0x000001eb1c584000 JavaThread "Cache worker for journal cache (C:\Users\Saukh\.gradle\caches\journal-1)" [_thread_blocked, id=162384, stack(0x000000b1d3000000,0x000000b1d3100000)]
  0x000001eb1c583800 JavaThread "File lock request listener" [_thread_in_native, id=134248, stack(0x000000b1d3100000,0x000000b1d3200000)]
  0x000001eb1c585000 JavaThread "Cache worker for file hash cache (C:\Users\Saukh\.gradle\caches\7.3.3\fileHashes)" [_thread_blocked, id=146688, stack(0x000000b1d3c00000,0x000000b1d3d00000)]
  0x000001eb1c586800 JavaThread "File watcher server" daemon [_thread_in_native, id=168160, stack(0x000000b1d4000000,0x000000b1d4100000)]
  0x000001eb1c587800 JavaThread "File watcher consumer" daemon [_thread_blocked, id=142156, stack(0x000000b1d4100000,0x000000b1d4200000)]
  0x000001eb1c581800 JavaThread "jar transforms" [_thread_blocked, id=169600, stack(0x000000b1d0b00000,0x000000b1d0c00000)]
  0x000001eb1c588000 JavaThread "jar transforms Thread 2" [_thread_blocked, id=160760, stack(0x000000b1d0c00000,0x000000b1d0d00000)]
  0x000001eb1f687800 JavaThread "Cache worker for execution history cache (C:\Users\Saukh\.gradle\caches\7.3.3\executionHistory)" [_thread_blocked, id=146856, stack(0x000000b1d3f00000,0x000000b1d4000000)]
  0x000001eb1f68a000 JavaThread "jar transforms Thread 3" [_thread_blocked, id=165348, stack(0x000000b1d1d00000,0x000000b1d1e00000)]
  0x000001eb1f684000 JavaThread "Cache worker for file content cache (C:\Users\Saukh\.gradle\caches\7.3.3\fileContent)" [_thread_blocked, id=151136, stack(0x000000b1d4400000,0x000000b1d4500000)]
  0x000001eb1f685000 JavaThread "jar transforms Thread 4" [_thread_blocked, id=83192, stack(0x000000b1d4500000,0x000000b1d4600000)]
  0x000001eb1f68b800 JavaThread "jar transforms Thread 5" [_thread_blocked, id=162116, stack(0x000000b1d4600000,0x000000b1d4700000)]
  0x000001eb1f686000 JavaThread "jar transforms Thread 6" [_thread_blocked, id=154164, stack(0x000000b1d4700000,0x000000b1d4800000)]
  0x000001eb1f68c800 JavaThread "jar transforms Thread 7" [_thread_blocked, id=167152, stack(0x000000b1d3d00000,0x000000b1d3e00000)]
  0x000001eb1f68d000 JavaThread "jar transforms Thread 8" [_thread_blocked, id=159600, stack(0x000000b1d3e00000,0x000000b1d3f00000)]
  0x000001eb1f68e000 JavaThread "jar transforms Thread 9" [_thread_blocked, id=155708, stack(0x000000b1d4800000,0x000000b1d4900000)]
  0x000001eb1c582800 JavaThread "jar transforms Thread 10" [_thread_blocked, id=157720, stack(0x000000b1d4b00000,0x000000b1d4c00000)]
  0x000001eb1c585800 JavaThread "Cache worker for kotlin-dsl (C:\Users\Saukh\.gradle\caches\7.3.3\kotlin-dsl)" [_thread_blocked, id=147128, stack(0x000000b1d4300000,0x000000b1d4400000)]
  0x000001eb1b644800 JavaThread "jar transforms Thread 11" [_thread_blocked, id=167108, stack(0x000000b1d4c00000,0x000000b1d4d00000)]
  0x000001eb1b645800 JavaThread "jar transforms Thread 12" [_thread_blocked, id=152568, stack(0x000000b1d4e00000,0x000000b1d4f00000)]
  0x000001eb1b644000 JavaThread "jar transforms Thread 13" [_thread_blocked, id=169908, stack(0x000000b1d5200000,0x000000b1d5300000)]
  0x000001eb234db000 JavaThread "jar transforms Thread 14" [_thread_blocked, id=153924, stack(0x000000b1d7300000,0x000000b1d7400000)]
  0x000001eb234dc800 JavaThread "jar transforms Thread 15" [_thread_blocked, id=135540, stack(0x000000b1d7400000,0x000000b1d7500000)]
  0x000001eb234de000 JavaThread "jar transforms Thread 16" [_thread_blocked, id=154460, stack(0x000000b1d7500000,0x000000b1d7600000)]
  0x000001eb234d8800 JavaThread "Memory manager" [_thread_blocked, id=172564, stack(0x000000b1d7700000,0x000000b1d7800000)]
  0x000001eb23568000 JavaThread "Handler for socket connection from /127.0.0.1:54390 to /127.0.0.1:55320" [_thread_in_native, id=159632, stack(0x000000b1d2200000,0x000000b1d2300000)]
  0x000001eb2356a800 JavaThread "Cancel handler" [_thread_blocked, id=171476, stack(0x000000b1d2a00000,0x000000b1d2b00000)]
  0x000001eb23569000 JavaThread "Asynchronous log dispatcher for DefaultDaemonConnection: socket connection from /127.0.0.1:54390 to /127.0.0.1:55320" [_thread_blocked, id=159172, stack(0x000000b1d2b00000,0x000000b1d2c00000)]
  0x000001eb23565800 JavaThread "Stdin handler" [_thread_blocked, id=171112, stack(0x000000b1d2d00000,0x000000b1d2e00000)]
  0x000001eb23565000 JavaThread "Daemon client event forwarder" [_thread_blocked, id=158132, stack(0x000000b1d2e00000,0x000000b1d2f00000)]
  0x000001eb2356b800 JavaThread "Cache worker for file hash cache (C:\Users\Saukh\Documents\react native\input\inputs\android\.gradle\7.3.3\fileHashes)" [_thread_blocked, id=14168, stack(0x000000b1d2f00000,0x000000b1d3000000)]

Other Threads:
  0x000001eb1a60d000 VMThread "VM Thread" [stack: 0x000000b1d1400000,0x000000b1d1500000] [id=159852]
  0x000001eb1a87a800 WatcherThread [stack: 0x000000b1d1f00000,0x000000b1d2000000] [id=130236]
  0x000001eb7aed7000 GCTaskThread "GC Thread#0" [stack: 0x000000b1d0f00000,0x000000b1d1000000] [id=162420]
  0x000001eb1b1cd800 GCTaskThread "GC Thread#1" [stack: 0x000000b1d2400000,0x000000b1d2500000] [id=169180]
  0x000001eb1b0cc800 GCTaskThread "GC Thread#2" [stack: 0x000000b1d2500000,0x000000b1d2600000] [id=151984]
  0x000001eb1b0cd000 GCTaskThread "GC Thread#3" [stack: 0x000000b1d2600000,0x000000b1d2700000] [id=164988]
  0x000001eb1b100000 GCTaskThread "GC Thread#4" [stack: 0x000000b1d2700000,0x000000b1d2800000] [id=154400]
  0x000001eb1bdee000 GCTaskThread "GC Thread#5" [stack: 0x000000b1d3200000,0x000000b1d3300000] [id=158768]
  0x000001eb1bedf000 GCTaskThread "GC Thread#6" [stack: 0x000000b1d3300000,0x000000b1d3400000] [id=167664]
  0x000001eb1c8da000 GCTaskThread "GC Thread#7" [stack: 0x000000b1d3400000,0x000000b1d3500000] [id=168252]
  0x000001eb1d62d000 GCTaskThread "GC Thread#8" [stack: 0x000000b1d3500000,0x000000b1d3600000] [id=171232]
  0x000001eb1c7e0000 GCTaskThread "GC Thread#9" [stack: 0x000000b1d3600000,0x000000b1d3700000] [id=158204]
  0x000001eb1c7e0800 GCTaskThread "GC Thread#10" [stack: 0x000000b1d3700000,0x000000b1d3800000] [id=75712]
  0x000001eb1c6b4000 GCTaskThread "GC Thread#11" [stack: 0x000000b1d3800000,0x000000b1d3900000] [id=102996]
  0x000001eb1c6b5000 GCTaskThread "GC Thread#12" [stack: 0x000000b1d3900000,0x000000b1d3a00000] [id=150724]
  0x000001eb7af08000 ConcurrentGCThread "G1 Main Marker" [stack: 0x000000b1d1000000,0x000000b1d1100000] [id=172024]
  0x000001eb7af09000 ConcurrentGCThread "G1 Conc#0" [stack: 0x000000b1d1100000,0x000000b1d1200000] [id=170088]
  0x000001eb1b530800 ConcurrentGCThread "G1 Conc#1" [stack: 0x000000b1d3a00000,0x000000b1d3b00000] [id=93788]
  0x000001eb1b915800 ConcurrentGCThread "G1 Conc#2" [stack: 0x000000b1d3b00000,0x000000b1d3c00000] [id=169664]
  0x000001eb7f38a000 ConcurrentGCThread "G1 Refine#0" [stack: 0x000000b1d1200000,0x000000b1d1300000] [id=164264]
  0x000001eb23648000 ConcurrentGCThread "G1 Refine#1" [stack: 0x000000b1d0d00000,0x000000b1d0e00000] [id=170308]
  0x000001eb21fb9800 ConcurrentGCThread "G1 Refine#2" [stack: 0x000000b1d2300000,0x000000b1d2400000] [id=135164]
  0x000001eb7f38b000 ConcurrentGCThread "G1 Young RemSet Sampling" [stack: 0x000000b1d1300000,0x000000b1d1400000] [id=154060]

Threads with active compile tasks:
C2 CompilerThread0 770723 13278       4       java.lang.Module::implIsExportedOrOpen (92 bytes)

VM state:not at safepoint (normal execution)

VM Mutex/Monitor currently owned by a thread: None

Heap address: 0x0000000080000000, size: 2048 MB, Compressed Oops mode: 32-bit
Narrow klass base: 0x0000000000000000, Narrow klass shift: 3
Compressed class space size: 528482304 Address: 0x0000000100000000

Heap:
 garbage-first heap   total 227328K, used 145296K [0x0000000080000000, 0x0000000100000000)
  region size 1024K, 56 young (57344K), 4 survivors (4096K)
 Metaspace       used 99923K, capacity 103056K, committed 103296K, reserved 606208K
  class space    used 13197K, capacity 14372K, committed 14464K, reserved 516096K
Heap Regions: E=young(eden), S=young(survivor), O=old, HS=humongous(starts), HC=humongous(continues), CS=collection set, F=free, A=archive, TAMS=top-at-mark-start (previous, next)
|   0|0x0000000080000000, 0x0000000080100000, 0x0000000080100000|100%| O|  |TAMS 0x0000000080100000, 0x0000000080000000| Untracked 
|   1|0x0000000080100000, 0x0000000080200000, 0x0000000080200000|100%| O|  |TAMS 0x0000000080200000, 0x0000000080100000| Untracked 
|   2|0x0000000080200000, 0x0000000080300000, 0x0000000080300000|100%| O|  |TAMS 0x0000000080300000, 0x0000000080200000| Untracked 
|   3|0x0000000080300000, 0x0000000080400000, 0x0000000080400000|100%|HS|  |TAMS 0x0000000080400000, 0x0000000080300000| Complete 
|   4|0x0000000080400000, 0x0000000080500000, 0x0000000080500000|100%|HC|  |TAMS 0x0000000080500000, 0x0000000080400000| Complete 
|   5|0x0000000080500000, 0x0000000080600000, 0x0000000080600000|100%|HC|  |TAMS 0x0000000080600000, 0x0000000080500000| Complete 
|   6|0x0000000080600000, 0x0000000080700000, 0x0000000080700000|100%| O|  |TAMS 0x0000000080700000, 0x0000000080600000| Untracked 
|   7|0x0000000080700000, 0x0000000080800000, 0x0000000080800000|100%| O|  |TAMS 0x0000000080800000, 0x0000000080700000| Untracked 
|   8|0x0000000080800000, 0x0000000080900000, 0x0000000080900000|100%| O|  |TAMS 0x0000000080900000, 0x0000000080800000| Untracked 
|   9|0x0000000080900000, 0x0000000080a00000, 0x0000000080a00000|100%| O|  |TAMS 0x0000000080a00000, 0x0000000080900000| Untracked 
|  10|0x0000000080a00000, 0x0000000080b00000, 0x0000000080b00000|100%| O|  |TAMS 0x0000000080b00000, 0x0000000080a00000| Untracked 
|  11|0x0000000080b00000, 0x0000000080c00000, 0x0000000080c00000|100%| O|  |TAMS 0x0000000080c00000, 0x0000000080b00000| Untracked 
|  12|0x0000000080c00000, 0x0000000080d00000, 0x0000000080d00000|100%| O|  |TAMS 0x0000000080d00000, 0x0000000080c00000| Untracked 
|  13|0x0000000080d00000, 0x0000000080e00000, 0x0000000080e00000|100%| O|  |TAMS 0x0000000080e00000, 0x0000000080d00000| Untracked 
|  14|0x0000000080e00000, 0x0000000080f00000, 0x0000000080f00000|100%| O|  |TAMS 0x0000000080f00000, 0x0000000080e00000| Untracked 
|  15|0x0000000080f00000, 0x0000000081000000, 0x0000000081000000|100%| O|  |TAMS 0x0000000081000000, 0x0000000080f00000| Untracked 
|  16|0x0000000081000000, 0x0000000081100000, 0x0000000081100000|100%| O|  |TAMS 0x0000000081100000, 0x0000000081000000| Untracked 
|  17|0x0000000081100000, 0x0000000081200000, 0x0000000081200000|100%|HS|  |TAMS 0x0000000081200000, 0x0000000081100000| Complete 
|  18|0x0000000081200000, 0x0000000081300000, 0x0000000081300000|100%| O|  |TAMS 0x0000000081300000, 0x0000000081200000| Untracked 
|  19|0x0000000081300000, 0x0000000081400000, 0x0000000081400000|100%| O|  |TAMS 0x0000000081400000, 0x0000000081300000| Untracked 
|  20|0x0000000081400000, 0x0000000081500000, 0x0000000081500000|100%| O|  |TAMS 0x0000000081500000, 0x0000000081400000| Untracked 
|  21|0x0000000081500000, 0x0000000081600000, 0x0000000081600000|100%| O|  |TAMS 0x0000000081600000, 0x0000000081500000| Untracked 
|  22|0x0000000081600000, 0x0000000081700000, 0x0000000081700000|100%| O|  |TAMS 0x0000000081700000, 0x0000000081600000| Untracked 
|  23|0x0000000081700000, 0x0000000081800000, 0x0000000081800000|100%| O|  |TAMS 0x0000000081800000, 0x0000000081700000| Untracked 
|  24|0x0000000081800000, 0x0000000081900000, 0x0000000081900000|100%| O|  |TAMS 0x0000000081900000, 0x0000000081800000| Untracked 
|  25|0x0000000081900000, 0x0000000081a00000, 0x0000000081a00000|100%| O|  |TAMS 0x0000000081a00000, 0x0000000081900000| Untracked 
|  26|0x0000000081a00000, 0x0000000081b00000, 0x0000000081b00000|100%| O|  |TAMS 0x0000000081b00000, 0x0000000081a00000| Untracked 
|  27|0x0000000081b00000, 0x0000000081c00000, 0x0000000081c00000|100%| O|  |TAMS 0x0000000081c00000, 0x0000000081b00000| Untracked 
|  28|0x0000000081c00000, 0x0000000081d00000, 0x0000000081d00000|100%| O|  |TAMS 0x0000000081d00000, 0x0000000081c00000| Untracked 
|  29|0x0000000081d00000, 0x0000000081e00000, 0x0000000081e00000|100%| O|  |TAMS 0x0000000081e00000, 0x0000000081d00000| Untracked 
|  30|0x0000000081e00000, 0x0000000081f00000, 0x0000000081f00000|100%| O|  |TAMS 0x0000000081f00000, 0x0000000081e00000| Untracked 
|  31|0x0000000081f00000, 0x0000000082000000, 0x0000000082000000|100%| O|  |TAMS 0x0000000082000000, 0x0000000081f00000| Untracked 
|  32|0x0000000082000000, 0x0000000082100000, 0x0000000082100000|100%| O|  |TAMS 0x0000000082100000, 0x0000000082000000| Untracked 
|  33|0x0000000082100000, 0x0000000082200000, 0x0000000082200000|100%|HS|  |TAMS 0x0000000082200000, 0x0000000082100000| Complete 
|  34|0x0000000082200000, 0x0000000082300000, 0x0000000082300000|100%|HC|  |TAMS 0x0000000082300000, 0x0000000082200000| Complete 
|  35|0x0000000082300000, 0x0000000082400000, 0x0000000082400000|100%|HC|  |TAMS 0x0000000082400000, 0x0000000082300000| Complete 
|  36|0x0000000082400000, 0x0000000082500000, 0x0000000082500000|100%| O|  |TAMS 0x0000000082500000, 0x0000000082400000| Untracked 
|  37|0x0000000082500000, 0x0000000082600000, 0x0000000082600000|100%| O|  |TAMS 0x0000000082600000, 0x0000000082500000| Untracked 
|  38|0x0000000082600000, 0x0000000082700000, 0x0000000082700000|100%| O|  |TAMS 0x0000000082700000, 0x0000000082600000| Untracked 
|  39|0x0000000082700000, 0x0000000082800000, 0x0000000082800000|100%| O|  |TAMS 0x0000000082800000, 0x0000000082700000| Untracked 
|  40|0x0000000082800000, 0x0000000082900000, 0x0000000082900000|100%| O|  |TAMS 0x0000000082900000, 0x0000000082800000| Untracked 
|  41|0x0000000082900000, 0x0000000082a00000, 0x0000000082a00000|100%| O|  |TAMS 0x0000000082a00000, 0x0000000082900000| Untracked 
|  42|0x0000000082a00000, 0x0000000082b00000, 0x0000000082b00000|100%|HS|  |TAMS 0x0000000082b00000, 0x0000000082a00000| Complete 
|  43|0x0000000082b00000, 0x0000000082c00000, 0x0000000082c00000|100%|HS|  |TAMS 0x0000000082c00000, 0x0000000082b00000| Complete 
|  44|0x0000000082c00000, 0x0000000082d00000, 0x0000000082d00000|100%|HS|  |TAMS 0x0000000082d00000, 0x0000000082c00000| Complete 
|  45|0x0000000082d00000, 0x0000000082e00000, 0x0000000082e00000|100%|HC|  |TAMS 0x0000000082e00000, 0x0000000082d00000| Complete 
|  46|0x0000000082e00000, 0x0000000082f00000, 0x0000000082f00000|100%| O|  |TAMS 0x0000000082f00000, 0x0000000082e00000| Untracked 
|  47|0x0000000082f00000, 0x0000000083000000, 0x0000000083000000|100%| O|  |TAMS 0x0000000083000000, 0x0000000082f00000| Untracked 
|  48|0x0000000083000000, 0x0000000083100000, 0x0000000083100000|100%| O|  |TAMS 0x0000000083100000, 0x0000000083000000| Untracked 
|  49|0x0000000083100000, 0x0000000083200000, 0x0000000083200000|100%| O|  |TAMS 0x0000000083200000, 0x0000000083100000| Untracked 
|  50|0x0000000083200000, 0x0000000083300000, 0x0000000083300000|100%| O|  |TAMS 0x0000000083300000, 0x0000000083200000| Untracked 
|  51|0x0000000083300000, 0x0000000083400000, 0x0000000083400000|100%| O|  |TAMS 0x0000000083400000, 0x0000000083300000| Untracked 
|  52|0x0000000083400000, 0x0000000083500000, 0x0000000083500000|100%| O|  |TAMS 0x0000000083500000, 0x0000000083400000| Untracked 
|  53|0x0000000083500000, 0x0000000083600000, 0x0000000083600000|100%| O|  |TAMS 0x0000000083600000, 0x0000000083500000| Untracked 
|  54|0x0000000083600000, 0x0000000083700000, 0x0000000083700000|100%| O|  |TAMS 0x0000000083700000, 0x0000000083600000| Untracked 
|  55|0x0000000083700000, 0x0000000083800000, 0x0000000083800000|100%| O|  |TAMS 0x0000000083800000, 0x0000000083700000| Untracked 
|  56|0x0000000083800000, 0x0000000083900000, 0x0000000083900000|100%| O|  |TAMS 0x0000000083900000, 0x0000000083800000| Untracked 
|  57|0x0000000083900000, 0x0000000083a00000, 0x0000000083a00000|100%| O|  |TAMS 0x0000000083a00000, 0x0000000083900000| Untracked 
|  58|0x0000000083a00000, 0x0000000083b00000, 0x0000000083b00000|100%| O|  |TAMS 0x0000000083b00000, 0x0000000083a00000| Untracked 
|  59|0x0000000083b00000, 0x0000000083c00000, 0x0000000083c00000|100%| O|  |TAMS 0x0000000083c00000, 0x0000000083b00000| Untracked 
|  60|0x0000000083c00000, 0x0000000083d00000, 0x0000000083d00000|100%| O|  |TAMS 0x0000000083d00000, 0x0000000083c00000| Untracked 
|  61|0x0000000083d00000, 0x0000000083e00000, 0x0000000083e00000|100%| O|  |TAMS 0x0000000083e00000, 0x0000000083d00000| Untracked 
|  62|0x0000000083e00000, 0x0000000083f00000, 0x0000000083f00000|100%| O|  |TAMS 0x0000000083f00000, 0x0000000083e00000| Untracked 
|  63|0x0000000083f00000, 0x0000000084000000, 0x0000000084000000|100%| O|  |TAMS 0x0000000084000000, 0x0000000083f00000| Untracked 
|  64|0x0000000084000000, 0x0000000084100000, 0x0000000084100000|100%| O|  |TAMS 0x0000000084100000, 0x0000000084000000| Untracked 
|  65|0x0000000084100000, 0x0000000084200000, 0x0000000084200000|100%| O|  |TAMS 0x0000000084200000, 0x0000000084100000| Untracked 
|  66|0x0000000084200000, 0x0000000084300000, 0x0000000084300000|100%| O|  |TAMS 0x0000000084300000, 0x0000000084200000| Untracked 
|  67|0x0000000084300000, 0x0000000084400000, 0x0000000084400000|100%| O|  |TAMS 0x0000000084400000, 0x0000000084300000| Untracked 
|  68|0x0000000084400000, 0x0000000084500000, 0x0000000084500000|100%| O|  |TAMS 0x0000000084500000, 0x0000000084400000| Untracked 
|  69|0x0000000084500000, 0x0000000084600000, 0x0000000084600000|100%| O|  |TAMS 0x0000000084600000, 0x0000000084500000| Untracked 
|  70|0x0000000084600000, 0x0000000084700000, 0x0000000084700000|100%| O|  |TAMS 0x0000000084700000, 0x0000000084600000| Untracked 
|  71|0x0000000084700000, 0x0000000084800000, 0x0000000084800000|100%| O|  |TAMS 0x0000000084800000, 0x0000000084700000| Untracked 
|  72|0x0000000084800000, 0x0000000084900000, 0x0000000084900000|100%| O|  |TAMS 0x0000000084900000, 0x0000000084800000| Untracked 
|  73|0x0000000084900000, 0x0000000084a00000, 0x0000000084a00000|100%| O|  |TAMS 0x0000000084a00000, 0x0000000084900000| Untracked 
|  74|0x0000000084a00000, 0x0000000084b00000, 0x0000000084b00000|100%| O|  |TAMS 0x0000000084b00000, 0x0000000084a00000| Untracked 
|  75|0x0000000084b00000, 0x0000000084c00000, 0x0000000084c00000|100%| O|  |TAMS 0x0000000084c00000, 0x0000000084b00000| Untracked 
|  76|0x0000000084c00000, 0x0000000084d00000, 0x0000000084d00000|100%| O|  |TAMS 0x0000000084d00000, 0x0000000084c00000| Untracked 
|  77|0x0000000084d00000, 0x0000000084e00000, 0x0000000084e00000|100%| O|  |TAMS 0x0000000084e00000, 0x0000000084d00000| Untracked 
|  78|0x0000000084e00000, 0x0000000084f00000, 0x0000000084f00000|100%| O|  |TAMS 0x0000000084f00000, 0x0000000084e00000| Untracked 
|  79|0x0000000084f00000, 0x0000000085000000, 0x0000000085000000|100%| O|  |TAMS 0x0000000085000000, 0x0000000084f00000| Untracked 
|  80|0x0000000085000000, 0x0000000085100000, 0x0000000085100000|100%| O|  |TAMS 0x0000000085100000, 0x0000000085000000| Untracked 
|  81|0x0000000085100000, 0x0000000085200000, 0x0000000085200000|100%| O|  |TAMS 0x0000000085200000, 0x0000000085100000| Untracked 
|  82|0x0000000085200000, 0x0000000085300000, 0x0000000085300000|100%| O|  |TAMS 0x0000000085300000, 0x0000000085200000| Untracked 
|  83|0x0000000085300000, 0x0000000085400000, 0x0000000085400000|100%| O|  |TAMS 0x0000000085400000, 0x0000000085300000| Untracked 
|  84|0x0000000085400000, 0x0000000085500000, 0x0000000085500000|100%| O|  |TAMS 0x0000000085500000, 0x0000000085400000| Untracked 
|  85|0x0000000085500000, 0x0000000085600000, 0x0000000085600000|100%| O|  |TAMS 0x0000000085600000, 0x0000000085500000| Untracked 
|  86|0x0000000085600000, 0x0000000085700000, 0x0000000085700000|100%| O|  |TAMS 0x0000000085700000, 0x0000000085600000| Untracked 
|  87|0x0000000085700000, 0x0000000085700000, 0x0000000085800000|  0%| F|  |TAMS 0x0000000085700000, 0x0000000085700000| Untracked 
|  88|0x0000000085800000, 0x0000000085800000, 0x0000000085900000|  0%| F|  |TAMS 0x0000000085800000, 0x0000000085800000| Untracked 
|  89|0x0000000085900000, 0x0000000085900000, 0x0000000085a00000|  0%| F|  |TAMS 0x0000000085900000, 0x0000000085900000| Untracked 
|  90|0x0000000085a00000, 0x0000000085a00000, 0x0000000085b00000|  0%| F|  |TAMS 0x0000000085a00000, 0x0000000085a00000| Untracked 
|  91|0x0000000085b00000, 0x0000000085b00000, 0x0000000085c00000|  0%| F|  |TAMS 0x0000000085b00000, 0x0000000085b00000| Untracked 
|  92|0x0000000085c00000, 0x0000000085c00000, 0x0000000085d00000|  0%| F|  |TAMS 0x0000000085c00000, 0x0000000085c00000| Untracked 
|  93|0x0000000085d00000, 0x0000000085d00000, 0x0000000085e00000|  0%| F|  |TAMS 0x0000000085d00000, 0x0000000085d00000| Untracked 
|  94|0x0000000085e00000, 0x0000000085e00000, 0x0000000085f00000|  0%| F|  |TAMS 0x0000000085e00000, 0x0000000085e00000| Untracked 
|  95|0x0000000085f00000, 0x0000000085f00000, 0x0000000086000000|  0%| F|  |TAMS 0x0000000085f00000, 0x0000000085f00000| Untracked 
|  96|0x0000000086000000, 0x0000000086000000, 0x0000000086100000|  0%| F|  |TAMS 0x0000000086000000, 0x0000000086000000| Untracked 
|  97|0x0000000086100000, 0x0000000086100000, 0x0000000086200000|  0%| F|  |TAMS 0x0000000086100000, 0x0000000086100000| Untracked 
|  98|0x0000000086200000, 0x0000000086200000, 0x0000000086300000|  0%| F|  |TAMS 0x0000000086200000, 0x0000000086200000| Untracked 
|  99|0x0000000086300000, 0x0000000086300000, 0x0000000086400000|  0%| F|  |TAMS 0x0000000086300000, 0x0000000086300000| Untracked 
| 100|0x0000000086400000, 0x0000000086400000, 0x0000000086500000|  0%| F|  |TAMS 0x0000000086400000, 0x0000000086400000| Untracked 
| 101|0x0000000086500000, 0x0000000086500000, 0x0000000086600000|  0%| F|  |TAMS 0x0000000086500000, 0x0000000086500000| Untracked 
| 102|0x0000000086600000, 0x0000000086600000, 0x0000000086700000|  0%| F|  |TAMS 0x0000000086600000, 0x0000000086600000| Untracked 
| 103|0x0000000086700000, 0x0000000086700000, 0x0000000086800000|  0%| F|  |TAMS 0x0000000086700000, 0x0000000086700000| Untracked 
| 104|0x0000000086800000, 0x0000000086800000, 0x0000000086900000|  0%| F|  |TAMS 0x0000000086800000, 0x0000000086800000| Untracked 
| 105|0x0000000086900000, 0x0000000086900000, 0x0000000086a00000|  0%| F|  |TAMS 0x0000000086900000, 0x0000000086900000| Untracked 
| 106|0x0000000086a00000, 0x0000000086a00000, 0x0000000086b00000|  0%| F|  |TAMS 0x0000000086a00000, 0x0000000086a00000| Untracked 
| 107|0x0000000086b00000, 0x0000000086b00000, 0x0000000086c00000|  0%| F|  |TAMS 0x0000000086b00000, 0x0000000086b00000| Untracked 
| 108|0x0000000086c00000, 0x0000000086c00000, 0x0000000086d00000|  0%| F|  |TAMS 0x0000000086c00000, 0x0000000086c00000| Untracked 
| 109|0x0000000086d00000, 0x0000000086d00000, 0x0000000086e00000|  0%| F|  |TAMS 0x0000000086d00000, 0x0000000086d00000| Untracked 
| 110|0x0000000086e00000, 0x0000000086e00000, 0x0000000086f00000|  0%| F|  |TAMS 0x0000000086e00000, 0x0000000086e00000| Untracked 
| 111|0x0000000086f00000, 0x0000000086f00000, 0x0000000087000000|  0%| F|  |TAMS 0x0000000086f00000, 0x0000000086f00000| Untracked 
| 112|0x0000000087000000, 0x0000000087000000, 0x0000000087100000|  0%| F|  |TAMS 0x0000000087000000, 0x0000000087000000| Untracked 
| 113|0x0000000087100000, 0x0000000087100000, 0x0000000087200000|  0%| F|  |TAMS 0x0000000087100000, 0x0000000087100000| Untracked 
| 114|0x0000000087200000, 0x0000000087200000, 0x0000000087300000|  0%| F|  |TAMS 0x0000000087200000, 0x0000000087200000| Untracked 
| 115|0x0000000087300000, 0x0000000087300000, 0x0000000087400000|  0%| F|  |TAMS 0x0000000087300000, 0x0000000087300000| Untracked 
| 116|0x0000000087400000, 0x0000000087400000, 0x0000000087500000|  0%| F|  |TAMS 0x0000000087400000, 0x0000000087400000| Untracked 
| 117|0x0000000087500000, 0x0000000087500000, 0x0000000087600000|  0%| F|  |TAMS 0x0000000087500000, 0x0000000087500000| Untracked 
| 118|0x0000000087600000, 0x0000000087600000, 0x0000000087700000|  0%| F|  |TAMS 0x0000000087600000, 0x0000000087600000| Untracked 
| 119|0x0000000087700000, 0x0000000087700000, 0x0000000087800000|  0%| F|  |TAMS 0x0000000087700000, 0x0000000087700000| Untracked 
| 120|0x0000000087800000, 0x0000000087800000, 0x0000000087900000|  0%| F|  |TAMS 0x0000000087800000, 0x0000000087800000| Untracked 
| 121|0x0000000087900000, 0x0000000087900000, 0x0000000087a00000|  0%| F|  |TAMS 0x0000000087900000, 0x0000000087900000| Untracked 
| 122|0x0000000087a00000, 0x0000000087a00000, 0x0000000087b00000|  0%| F|  |TAMS 0x0000000087a00000, 0x0000000087a00000| Untracked 
| 123|0x0000000087b00000, 0x0000000087b00000, 0x0000000087c00000|  0%| F|  |TAMS 0x0000000087b00000, 0x0000000087b00000| Untracked 
| 124|0x0000000087c00000, 0x0000000087c00000, 0x0000000087d00000|  0%| F|  |TAMS 0x0000000087c00000, 0x0000000087c00000| Untracked 
| 125|0x0000000087d00000, 0x0000000087d00000, 0x0000000087e00000|  0%| F|  |TAMS 0x0000000087d00000, 0x0000000087d00000| Untracked 
| 126|0x0000000087e00000, 0x0000000087e00000, 0x0000000087f00000|  0%| F|  |TAMS 0x0000000087e00000, 0x0000000087e00000| Untracked 
| 127|0x0000000087f00000, 0x0000000087f00000, 0x0000000088000000|  0%| F|  |TAMS 0x0000000087f00000, 0x0000000087f00000| Untracked 
| 128|0x0000000088000000, 0x0000000088000000, 0x0000000088100000|  0%| F|  |TAMS 0x0000000088000000, 0x0000000088000000| Untracked 
| 129|0x0000000088100000, 0x0000000088100000, 0x0000000088200000|  0%| F|  |TAMS 0x0000000088100000, 0x0000000088100000| Untracked 
| 130|0x0000000088200000, 0x0000000088200000, 0x0000000088300000|  0%| F|  |TAMS 0x0000000088200000, 0x0000000088200000| Untracked 
| 131|0x0000000088300000, 0x0000000088300000, 0x0000000088400000|  0%| F|  |TAMS 0x0000000088300000, 0x0000000088300000| Untracked 
| 132|0x0000000088400000, 0x0000000088400000, 0x0000000088500000|  0%| F|  |TAMS 0x0000000088400000, 0x0000000088400000| Untracked 
| 133|0x0000000088500000, 0x0000000088500000, 0x0000000088600000|  0%| F|  |TAMS 0x0000000088500000, 0x0000000088500000| Untracked 
| 134|0x0000000088600000, 0x0000000088600000, 0x0000000088700000|  0%| F|  |TAMS 0x0000000088600000, 0x0000000088600000| Untracked 
| 135|0x0000000088700000, 0x0000000088700000, 0x0000000088800000|  0%| F|  |TAMS 0x0000000088700000, 0x0000000088700000| Untracked 
| 136|0x0000000088800000, 0x0000000088800000, 0x0000000088900000|  0%| F|  |TAMS 0x0000000088800000, 0x0000000088800000| Untracked 
| 137|0x0000000088900000, 0x0000000088900000, 0x0000000088a00000|  0%| F|  |TAMS 0x0000000088900000, 0x0000000088900000| Untracked 
| 138|0x0000000088a00000, 0x0000000088a00000, 0x0000000088b00000|  0%| F|  |TAMS 0x0000000088a00000, 0x0000000088a00000| Untracked 
| 139|0x0000000088b00000, 0x0000000088b00000, 0x0000000088c00000|  0%| F|  |TAMS 0x0000000088b00000, 0x0000000088b00000| Untracked 
| 140|0x0000000088c00000, 0x0000000088c00000, 0x0000000088d00000|  0%| F|  |TAMS 0x0000000088c00000, 0x0000000088c00000| Untracked 
| 141|0x0000000088d00000, 0x0000000088d00000, 0x0000000088e00000|  0%| F|  |TAMS 0x0000000088d00000, 0x0000000088d00000| Untracked 
| 142|0x0000000088e00000, 0x0000000088e00000, 0x0000000088f00000|  0%| F|  |TAMS 0x0000000088e00000, 0x0000000088e00000| Untracked 
| 143|0x0000000088f00000, 0x0000000088f00000, 0x0000000089000000|  0%| F|  |TAMS 0x0000000088f00000, 0x0000000088f00000| Untracked 
| 144|0x0000000089000000, 0x0000000089000000, 0x0000000089100000|  0%| F|  |TAMS 0x0000000089000000, 0x0000000089000000| Untracked 
| 145|0x0000000089100000, 0x0000000089100000, 0x0000000089200000|  0%| F|  |TAMS 0x0000000089100000, 0x0000000089100000| Untracked 
| 146|0x0000000089200000, 0x0000000089200000, 0x0000000089300000|  0%| F|  |TAMS 0x0000000089200000, 0x0000000089200000| Untracked 
| 147|0x0000000089300000, 0x0000000089300000, 0x0000000089400000|  0%| F|  |TAMS 0x0000000089300000, 0x0000000089300000| Untracked 
| 148|0x0000000089400000, 0x0000000089400000, 0x0000000089500000|  0%| F|  |TAMS 0x0000000089400000, 0x0000000089400000| Untracked 
| 149|0x0000000089500000, 0x0000000089500000, 0x0000000089600000|  0%| F|  |TAMS 0x0000000089500000, 0x0000000089500000| Untracked 
| 150|0x0000000089600000, 0x0000000089600000, 0x0000000089700000|  0%| F|  |TAMS 0x0000000089600000, 0x0000000089600000| Untracked 
| 151|0x0000000089700000, 0x0000000089700000, 0x0000000089800000|  0%| F|  |TAMS 0x0000000089700000, 0x0000000089700000| Untracked 
| 152|0x0000000089800000, 0x0000000089800000, 0x0000000089900000|  0%| F|  |TAMS 0x0000000089800000, 0x0000000089800000| Untracked 
| 153|0x0000000089900000, 0x0000000089900000, 0x0000000089a00000|  0%| F|  |TAMS 0x0000000089900000, 0x0000000089900000| Untracked 
| 154|0x0000000089a00000, 0x0000000089a00000, 0x0000000089b00000|  0%| F|  |TAMS 0x0000000089a00000, 0x0000000089a00000| Untracked 
| 155|0x0000000089b00000, 0x0000000089b00000, 0x0000000089c00000|  0%| F|  |TAMS 0x0000000089b00000, 0x0000000089b00000| Untracked 
| 156|0x0000000089c00000, 0x0000000089c00000, 0x0000000089d00000|  0%| F|  |TAMS 0x0000000089c00000, 0x0000000089c00000| Untracked 
| 157|0x0000000089d00000, 0x0000000089d00000, 0x0000000089e00000|  0%| F|  |TAMS 0x0000000089d00000, 0x0000000089d00000| Untracked 
| 158|0x0000000089e00000, 0x0000000089e00000, 0x0000000089f00000|  0%| F|  |TAMS 0x0000000089e00000, 0x0000000089e00000| Untracked 
| 159|0x0000000089f00000, 0x0000000089f00000, 0x000000008a000000|  0%| F|  |TAMS 0x0000000089f00000, 0x0000000089f00000| Untracked 
| 160|0x000000008a000000, 0x000000008a000000, 0x000000008a100000|  0%| F|  |TAMS 0x000000008a000000, 0x000000008a000000| Untracked 
| 161|0x000000008a100000, 0x000000008a100000, 0x000000008a200000|  0%| F|  |TAMS 0x000000008a100000, 0x000000008a100000| Untracked 
| 162|0x000000008a200000, 0x000000008a2e4380, 0x000000008a300000| 89%| S|CS|TAMS 0x000000008a200000, 0x000000008a200000| Complete 
| 163|0x000000008a300000, 0x000000008a400000, 0x000000008a400000|100%| S|CS|TAMS 0x000000008a300000, 0x000000008a300000| Complete 
| 164|0x000000008a400000, 0x000000008a500000, 0x000000008a500000|100%| S|CS|TAMS 0x000000008a400000, 0x000000008a400000| Complete 
| 165|0x000000008a500000, 0x000000008a600000, 0x000000008a600000|100%| S|CS|TAMS 0x000000008a500000, 0x000000008a500000| Complete 
| 166|0x000000008a600000, 0x000000008a600000, 0x000000008a700000|  0%| F|  |TAMS 0x000000008a600000, 0x000000008a600000| Untracked 
| 167|0x000000008a700000, 0x000000008a700000, 0x000000008a800000|  0%| F|  |TAMS 0x000000008a700000, 0x000000008a700000| Untracked 
| 168|0x000000008a800000, 0x000000008a800000, 0x000000008a900000|  0%| F|  |TAMS 0x000000008a800000, 0x000000008a800000| Untracked 
| 169|0x000000008a900000, 0x000000008a900000, 0x000000008aa00000|  0%| F|  |TAMS 0x000000008a900000, 0x000000008a900000| Untracked 
| 170|0x000000008aa00000, 0x000000008aa1b3d8, 0x000000008ab00000| 10%| E|  |TAMS 0x000000008aa00000, 0x000000008aa00000| Complete 
| 171|0x000000008ab00000, 0x000000008ac00000, 0x000000008ac00000|100%| E|CS|TAMS 0x000000008ab00000, 0x000000008ab00000| Complete 
| 172|0x000000008ac00000, 0x000000008ad00000, 0x000000008ad00000|100%| E|CS|TAMS 0x000000008ac00000, 0x000000008ac00000| Complete 
| 173|0x000000008ad00000, 0x000000008ae00000, 0x000000008ae00000|100%| E|CS|TAMS 0x000000008ad00000, 0x000000008ad00000| Complete 
| 174|0x000000008ae00000, 0x000000008af00000, 0x000000008af00000|100%| E|CS|TAMS 0x000000008ae00000, 0x000000008ae00000| Complete 
| 175|0x000000008af00000, 0x000000008b000000, 0x000000008b000000|100%| E|CS|TAMS 0x000000008af00000, 0x000000008af00000| Complete 
| 176|0x000000008b000000, 0x000000008b100000, 0x000000008b100000|100%| E|CS|TAMS 0x000000008b000000, 0x000000008b000000| Complete 
| 177|0x000000008b100000, 0x000000008b200000, 0x000000008b200000|100%| E|CS|TAMS 0x000000008b100000, 0x000000008b100000| Complete 
| 178|0x000000008b200000, 0x000000008b300000, 0x000000008b300000|100%| E|CS|TAMS 0x000000008b200000, 0x000000008b200000| Complete 
| 179|0x000000008b300000, 0x000000008b400000, 0x000000008b400000|100%| E|CS|TAMS 0x000000008b300000, 0x000000008b300000| Complete 
| 180|0x000000008b400000, 0x000000008b500000, 0x000000008b500000|100%| E|CS|TAMS 0x000000008b400000, 0x000000008b400000| Complete 
| 181|0x000000008b500000, 0x000000008b600000, 0x000000008b600000|100%| E|CS|TAMS 0x000000008b500000, 0x000000008b500000| Complete 
| 182|0x000000008b600000, 0x000000008b700000, 0x000000008b700000|100%| E|CS|TAMS 0x000000008b600000, 0x000000008b600000| Complete 
| 183|0x000000008b700000, 0x000000008b800000, 0x000000008b800000|100%| E|CS|TAMS 0x000000008b700000, 0x000000008b700000| Complete 
| 184|0x000000008b800000, 0x000000008b900000, 0x000000008b900000|100%| E|CS|TAMS 0x000000008b800000, 0x000000008b800000| Complete 
| 185|0x000000008b900000, 0x000000008ba00000, 0x000000008ba00000|100%| E|CS|TAMS 0x000000008b900000, 0x000000008b900000| Complete 
| 186|0x000000008ba00000, 0x000000008bb00000, 0x000000008bb00000|100%| E|CS|TAMS 0x000000008ba00000, 0x000000008ba00000| Complete 
| 187|0x000000008bb00000, 0x000000008bc00000, 0x000000008bc00000|100%| E|CS|TAMS 0x000000008bb00000, 0x000000008bb00000| Complete 
| 188|0x000000008bc00000, 0x000000008bd00000, 0x000000008bd00000|100%| E|CS|TAMS 0x000000008bc00000, 0x000000008bc00000| Complete 
| 189|0x000000008bd00000, 0x000000008be00000, 0x000000008be00000|100%| E|CS|TAMS 0x000000008bd00000, 0x000000008bd00000| Complete 
| 190|0x000000008be00000, 0x000000008bf00000, 0x000000008bf00000|100%| E|CS|TAMS 0x000000008be00000, 0x000000008be00000| Complete 
| 191|0x000000008bf00000, 0x000000008c000000, 0x000000008c000000|100%| E|CS|TAMS 0x000000008bf00000, 0x000000008bf00000| Complete 
| 192|0x000000008c000000, 0x000000008c100000, 0x000000008c100000|100%| E|CS|TAMS 0x000000008c000000, 0x000000008c000000| Complete 
| 193|0x000000008c100000, 0x000000008c200000, 0x000000008c200000|100%| E|CS|TAMS 0x000000008c100000, 0x000000008c100000| Complete 
| 194|0x000000008c200000, 0x000000008c300000, 0x000000008c300000|100%| E|CS|TAMS 0x000000008c200000, 0x000000008c200000| Complete 
| 195|0x000000008c300000, 0x000000008c400000, 0x000000008c400000|100%| E|CS|TAMS 0x000000008c300000, 0x000000008c300000| Complete 
| 196|0x000000008c400000, 0x000000008c500000, 0x000000008c500000|100%| E|CS|TAMS 0x000000008c400000, 0x000000008c400000| Complete 
| 197|0x000000008c500000, 0x000000008c600000, 0x000000008c600000|100%| E|CS|TAMS 0x000000008c500000, 0x000000008c500000| Complete 
| 198|0x000000008c600000, 0x000000008c700000, 0x000000008c700000|100%| E|CS|TAMS 0x000000008c600000, 0x000000008c600000| Complete 
| 199|0x000000008c700000, 0x000000008c800000, 0x000000008c800000|100%| E|CS|TAMS 0x000000008c700000, 0x000000008c700000| Complete 
| 200|0x000000008c800000, 0x000000008c900000, 0x000000008c900000|100%| E|CS|TAMS 0x000000008c800000, 0x000000008c800000| Complete 
| 201|0x000000008c900000, 0x000000008ca00000, 0x000000008ca00000|100%| E|CS|TAMS 0x000000008c900000, 0x000000008c900000| Complete 
| 202|0x000000008ca00000, 0x000000008cb00000, 0x000000008cb00000|100%| E|CS|TAMS 0x000000008ca00000, 0x000000008ca00000| Complete 
| 203|0x000000008cb00000, 0x000000008cc00000, 0x000000008cc00000|100%| E|CS|TAMS 0x000000008cb00000, 0x000000008cb00000| Complete 
| 204|0x000000008cc00000, 0x000000008cd00000, 0x000000008cd00000|100%| E|CS|TAMS 0x000000008cc00000, 0x000000008cc00000| Complete 
| 205|0x000000008cd00000, 0x000000008ce00000, 0x000000008ce00000|100%| E|CS|TAMS 0x000000008cd00000, 0x000000008cd00000| Complete 
| 206|0x000000008ce00000, 0x000000008cf00000, 0x000000008cf00000|100%| E|CS|TAMS 0x000000008ce00000, 0x000000008ce00000| Complete 
| 207|0x000000008cf00000, 0x000000008d000000, 0x000000008d000000|100%| E|CS|TAMS 0x000000008cf00000, 0x000000008cf00000| Complete 
| 208|0x000000008d000000, 0x000000008d100000, 0x000000008d100000|100%| E|CS|TAMS 0x000000008d000000, 0x000000008d000000| Complete 
| 209|0x000000008d100000, 0x000000008d200000, 0x000000008d200000|100%| E|CS|TAMS 0x000000008d100000, 0x000000008d100000| Complete 
| 210|0x000000008d200000, 0x000000008d300000, 0x000000008d300000|100%| E|CS|TAMS 0x000000008d200000, 0x000000008d200000| Complete 
| 211|0x000000008d300000, 0x000000008d400000, 0x000000008d400000|100%| E|CS|TAMS 0x000000008d300000, 0x000000008d300000| Complete 
| 212|0x000000008d400000, 0x000000008d500000, 0x000000008d500000|100%| E|CS|TAMS 0x000000008d400000, 0x000000008d400000| Complete 
| 213|0x000000008d500000, 0x000000008d600000, 0x000000008d600000|100%| E|CS|TAMS 0x000000008d500000, 0x000000008d500000| Complete 
| 214|0x000000008d600000, 0x000000008d700000, 0x000000008d700000|100%| E|CS|TAMS 0x000000008d600000, 0x000000008d600000| Complete 
| 215|0x000000008d700000, 0x000000008d800000, 0x000000008d800000|100%| E|CS|TAMS 0x000000008d700000, 0x000000008d700000| Complete 
| 216|0x000000008d800000, 0x000000008d900000, 0x000000008d900000|100%| E|CS|TAMS 0x000000008d800000, 0x000000008d800000| Complete 
| 217|0x000000008d900000, 0x000000008da00000, 0x000000008da00000|100%| E|CS|TAMS 0x000000008d900000, 0x000000008d900000| Complete 
| 218|0x000000008da00000, 0x000000008db00000, 0x000000008db00000|100%| E|CS|TAMS 0x000000008da00000, 0x000000008da00000| Complete 
| 219|0x000000008db00000, 0x000000008dc00000, 0x000000008dc00000|100%| E|CS|TAMS 0x000000008db00000, 0x000000008db00000| Complete 
| 220|0x000000008dc00000, 0x000000008dd00000, 0x000000008dd00000|100%| E|CS|TAMS 0x000000008dc00000, 0x000000008dc00000| Complete 
| 221|0x000000008dd00000, 0x000000008de00000, 0x000000008de00000|100%| E|CS|TAMS 0x000000008dd00000, 0x000000008dd00000| Complete 

Card table byte_map: [0x000001eb7bc30000,0x000001eb7c030000] _byte_map_base: 0x000001eb7b830000

Marking Bits (Prev, Next): (CMBitMap*) 0x000001eb78e2e898, (CMBitMap*) 0x000001eb78e2e8d0
 Prev Bits: [0x000001eb7c430000, 0x000001eb7e430000)
 Next Bits: [0x000001eb165d0000, 0x000001eb185d0000)

Polling page: 0x000001eb78e60000

Metaspace:

Usage:
  Non-class:     86.61 MB capacity,    84.69 MB ( 98%) used,     1.62 MB (  2%) free+waste,   299.50 KB ( <1%) overhead. 
      Class:     14.04 MB capacity,    12.89 MB ( 92%) used,     1.01 MB (  7%) free+waste,   142.81 KB ( <1%) overhead. 
       Both:    100.64 MB capacity,    97.58 MB ( 97%) used,     2.63 MB (  3%) free+waste,   442.31 KB ( <1%) overhead. 

Virtual space:
  Non-class space:       88.00 MB reserved,      86.75 MB ( 99%) committed 
      Class space:      504.00 MB reserved,      14.13 MB (  3%) committed 
             Both:      592.00 MB reserved,     100.88 MB ( 17%) committed 

Chunk freelists:
   Non-Class:  2.50 KB
       Class:  3.50 KB
        Both:  6.00 KB

CodeHeap 'non-profiled nmethods': size=119168Kb used=8667Kb max_used=8667Kb free=110500Kb
 bounds [0x000001eb0f170000, 0x000001eb0f9f0000, 0x000001eb165d0000]
CodeHeap 'profiled nmethods': size=119168Kb used=29444Kb max_used=29444Kb free=89723Kb
 bounds [0x000001eb07d10000, 0x000001eb099e0000, 0x000001eb0f170000]
CodeHeap 'non-nmethods': size=7424Kb used=2309Kb max_used=4091Kb free=5114Kb
 bounds [0x000001eb075d0000, 0x000001eb07a50000, 0x000001eb07d10000]
 total_blobs=14120 nmethods=13197 adapters=833
 compilation: enabled
              stopped_count=0, restarted_count=0
 full_count=0

Compilation events (10 events):
Event: 770.572 Thread 0x000001eb1a676800 13300       1       org.gradle.invocation.DefaultGradle::getServices (5 bytes)
Event: 770.572 Thread 0x000001eb1a676800 nmethod 13300 0x000001eb0f9e5110 code [0x000001eb0f9e52a0, 0x000001eb0f9e5358]
Event: 770.572 Thread 0x000001eb1a676800 13299       3       com.google.common.util.concurrent.Striped$PaddedLock::<init> (6 bytes)
Event: 770.572 Thread 0x000001eb1a676800 nmethod 13299 0x000001eb099cef90 code [0x000001eb099cf160, 0x000001eb099cf5b8]
Event: 770.575 Thread 0x000001eb1a676800 13301       3       org.gradle.internal.event.DefaultListenerManager$EventBroadcast::ensureAllWithLoggerInitialized (45 bytes)
Event: 770.576 Thread 0x000001eb1a676800 nmethod 13301 0x000001eb099cf790 code [0x000001eb099cf960, 0x000001eb099cfd58]
Event: 770.576 Thread 0x000001eb1a676800 13302       3       org.gradle.internal.event.DefaultListenerManager$EventBroadcast::ensureAllWithoutLoggerInitialized (72 bytes)
Event: 770.577 Thread 0x000001eb1a676800 nmethod 13302 0x000001eb099cfe90 code [0x000001eb099d0100, 0x000001eb099d0d78]
Event: 770.582 Thread 0x000001eb1a675800 nmethod 13277 0x000001eb0f9e5410 code [0x000001eb0f9e5620, 0x000001eb0f9e65c8]
Event: 770.582 Thread 0x000001eb1a675800 13278       4       java.lang.Module::implIsExportedOrOpen (92 bytes)

GC Heap History (10 events):
Event: 566.254 GC heap before
{Heap before GC invocations=12 (full 0):
 garbage-first heap   total 227328K, used 166763K [0x0000000080000000, 0x0000000100000000)
  region size 1024K, 128 young (131072K), 13 survivors (13312K)
 Metaspace       used 75898K, capacity 78194K, committed 78464K, reserved 583680K
  class space    used 9928K, capacity 10833K, committed 10880K, reserved 516096K
}
Event: 566.264 GC heap after
{Heap after GC invocations=13 (full 0):
 garbage-first heap   total 227328K, used 58245K [0x0000000080000000, 0x0000000100000000)
  region size 1024K, 16 young (16384K), 16 survivors (16384K)
 Metaspace       used 75898K, capacity 78194K, committed 78464K, reserved 583680K
  class space    used 9928K, capacity 10833K, committed 10880K, reserved 516096K
}
Event: 567.757 GC heap before
{Heap before GC invocations=13 (full 0):
 garbage-first heap   total 227328K, used 173957K [0x0000000080000000, 0x0000000100000000)
  region size 1024K, 126 young (129024K), 16 survivors (16384K)
 Metaspace       used 84355K, capacity 87036K, committed 87296K, reserved 591872K
  class space    used 10998K, capacity 12019K, committed 12032K, reserved 516096K
}
Event: 567.767 GC heap after
{Heap after GC invocations=14 (full 0):
 garbage-first heap   total 227328K, used 72231K [0x0000000080000000, 0x0000000100000000)
  region size 1024K, 16 young (16384K), 16 survivors (16384K)
 Metaspace       used 84355K, capacity 87036K, committed 87296K, reserved 591872K
  class space    used 10998K, capacity 12019K, committed 12032K, reserved 516096K
}
Event: 571.406 GC heap before
{Heap before GC invocations=14 (full 0):
 garbage-first heap   total 227328K, used 175655K [0x0000000080000000, 0x0000000100000000)
  region size 1024K, 116 young (118784K), 16 survivors (16384K)
 Metaspace       used 89651K, capacity 92558K, committed 92928K, reserved 595968K
  class space    used 11770K, capacity 12937K, committed 13056K, reserved 516096K
}
Event: 571.416 GC heap after
{Heap after GC invocations=15 (full 0):
 garbage-first heap   total 227328K, used 82717K [0x0000000080000000, 0x0000000100000000)
  region size 1024K, 10 young (10240K), 10 survivors (10240K)
 Metaspace       used 89651K, capacity 92558K, committed 92928K, reserved 595968K
  class space    used 11770K, capacity 12937K, committed 13056K, reserved 516096K
}
Event: 572.643 GC heap before
{Heap before GC invocations=15 (full 0):
 garbage-first heap   total 227328K, used 176925K [0x0000000080000000, 0x0000000100000000)
  region size 1024K, 102 young (104448K), 10 survivors (10240K)
 Metaspace       used 94635K, capacity 97717K, committed 97920K, reserved 602112K
  class space    used 12499K, capacity 13667K, committed 13696K, reserved 516096K
}
Event: 572.651 GC heap after
{Heap after GC invocations=16 (full 0):
 garbage-first heap   total 227328K, used 89663K [0x0000000080000000, 0x0000000100000000)
  region size 1024K, 8 young (8192K), 8 survivors (8192K)
 Metaspace       used 94635K, capacity 97717K, committed 97920K, reserved 602112K
  class space    used 12499K, capacity 13667K, committed 13696K, reserved 516096K
}
Event: 573.359 GC heap before
{Heap before GC invocations=16 (full 0):
 garbage-first heap   total 227328K, used 145983K [0x0000000080000000, 0x0000000100000000)
  region size 1024K, 64 young (65536K), 8 survivors (8192K)
 Metaspace       used 97420K, capacity 100574K, committed 100608K, reserved 604160K
  class space    used 12865K, capacity 14066K, committed 14080K, reserved 516096K
}
Event: 573.365 GC heap after
{Heap after GC invocations=17 (full 0):
 garbage-first heap   total 227328K, used 93072K [0x0000000080000000, 0x0000000100000000)
  region size 1024K, 4 young (4096K), 4 survivors (4096K)
 Metaspace       used 97420K, capacity 100574K, committed 100608K, reserved 604160K
  class space    used 12865K, capacity 14066K, committed 14080K, reserved 516096K
}

Deoptimization events (10 events):
Event: 669.074 Thread 0x000001eb1c96b800 Uncommon trap: reason=class_check action=maybe_recompile pc=0x000001eb0f9db320 method=jdk.internal.misc.Unsafe.allocateUninitializedArray(Ljava/lang/Class;I)Ljava/lang/Object; @ 48 c2
Event: 669.074 Thread 0x000001eb1c96b800 Uncommon trap: reason=class_check action=maybe_recompile pc=0x000001eb0f9db320 method=jdk.internal.misc.Unsafe.allocateUninitializedArray(Ljava/lang/Class;I)Ljava/lang/Object; @ 48 c2
Event: 757.532 Thread 0x000001eb1b649800 Uncommon trap: reason=unstable_if action=reinterpret pc=0x000001eb0f3f4df0 method=java.util.concurrent.locks.AbstractQueuedSynchronizer$ConditionObject.unlinkCancelledWaiters()V @ 22 c2
Event: 757.583 Thread 0x000001eb1d6e8000 Uncommon trap: reason=unstable_if action=reinterpret pc=0x000001eb0f9dbf28 method=org.gradle.internal.logging.slf4j.BuildOperationAwareLogger.debug(Ljava/lang/String;Ljava/lang/Object;)V @ 4 c2
Event: 757.586 Thread 0x000001eb1d6e8000 Uncommon trap: reason=unstable_if action=reinterpret pc=0x000001eb0f924928 method=org.gradle.internal.logging.slf4j.BuildOperationAwareLogger.debug(Ljava/lang/String;Ljava/lang/Object;Ljava/lang/Object;)V @ 4 c2
Event: 762.037 Thread 0x000001eb1a922000 Uncommon trap: reason=unstable_if action=reinterpret pc=0x000001eb0f1c4688 method=java.lang.AbstractStringBuilder.append(Ljava/lang/String;)Ljava/lang/AbstractStringBuilder; @ 1 c2
Event: 762.037 Thread 0x000001eb1a922000 Uncommon trap: reason=unstable_if action=reinterpret pc=0x000001eb0f4896cc method=java.lang.AbstractStringBuilder.append(Ljava/lang/String;)Ljava/lang/AbstractStringBuilder; @ 1 c2
Event: 770.574 Thread 0x000001eb1cb14000 Uncommon trap: reason=unstable_if action=reinterpret pc=0x000001eb0f9bf0c0 method=org.gradle.internal.file.FileHierarchySet$Node.isChildOfOrThis(Ljava/lang/String;I)Z @ 7 c2
Event: 770.574 Thread 0x000001eb1cb14000 Uncommon trap: reason=bimorphic_or_optimized_type_check action=maybe_recompile pc=0x000001eb0f721cd8 method=java.util.stream.MatchOps$MatchOp.evaluateSequential(Ljava/util/stream/PipelineHelper;Ljava/util/Spliterator;)Ljava/lang/Boolean; @ 14 c2
Event: 770.574 Thread 0x000001eb1cb14000 Uncommon trap: reason=unstable_if action=reinterpret pc=0x000001eb0f41f5d8 method=java.util.stream.ReferencePipeline$7$1.accept(Ljava/lang/Object;)V @ 25 c2

Classes redefined (0 events):
No events

Internal exceptions (10 events):
Event: 573.083 Thread 0x000001eb1cb14000 Implicit null exception at 0x000001eb0f950d8c to 0x000001eb0f950e7a
Event: 573.147 Thread 0x000001eb1cb14000 Implicit null exception at 0x000001eb0f95bbce to 0x000001eb0f95c3a8
Event: 573.147 Thread 0x000001eb1cb14000 Implicit null exception at 0x000001eb0f9532ca to 0x000001eb0f953383
Event: 573.197 Thread 0x000001eb1cb14000 Implicit null exception at 0x000001eb0f883b09 to 0x000001eb0f88523c
Event: 573.314 Thread 0x000001eb1cb14000 Implicit null exception at 0x000001eb0f981520 to 0x000001eb0f981ee0
Event: 573.555 Thread 0x000001eb1cb14000 Exception <a 'java/lang/NoSuchMethodError'{0x000000008cc55bd8}: java.lang.invoke.DirectMethodHandle$Holder.invokeStatic(Ljava/lang/Object;IILjava/lang/Object;)I> (0x000000008cc55bd8) thrown at [./open/src/hotspot/share/interpreter/linkResolver.cpp, line 7
Event: 573.826 Thread 0x000001eb1f68f000 Exception <a 'java/lang/NoSuchMethodError'{0x000000008b584858}: static [Ljava/net/URL;.<clinit>()V> (0x000000008b584858) thrown at [./open/src/hotspot/share/prims/jni.cpp, line 1366]
Event: 573.827 Thread 0x000001eb1f68f000 Exception <a 'java/lang/NoSuchMethodError'{0x000000008b58f588}: static [B.<clinit>()V> (0x000000008b58f588) thrown at [./open/src/hotspot/share/prims/jni.cpp, line 1366]
Event: 762.037 Thread 0x000001eb1a922000 Implicit null exception at 0x000001eb0f1c40f4 to 0x000001eb0f1c4670
Event: 762.037 Thread 0x000001eb1a922000 Implicit null exception at 0x000001eb0f489074 to 0x000001eb0f4896b4

Events (10 events):
Event: 770.556 Thread 0x000001eb2356b800 Thread added: 0x000001eb2356b800
Event: 770.574 Thread 0x000001eb1cb14000 Uncommon trap: trap_request=0xffffff4d fr.pc=0x000001eb0f9bf0c0 relative=0x0000000000000280
Event: 770.574 Thread 0x000001eb1cb14000 DEOPT PACKING pc=0x000001eb0f9bf0c0 sp=0x000000b1d2cfbbf0
Event: 770.574 Thread 0x000001eb1cb14000 DEOPT UNPACKING pc=0x000001eb075f662f sp=0x000000b1d2cfbb80 mode 2
Event: 770.574 Thread 0x000001eb1cb14000 Uncommon trap: trap_request=0xffffffc6 fr.pc=0x000001eb0f721cd8 relative=0x0000000000000778
Event: 770.574 Thread 0x000001eb1cb14000 DEOPT PACKING pc=0x000001eb0f721cd8 sp=0x000000b1d2cfb840
Event: 770.574 Thread 0x000001eb1cb14000 DEOPT UNPACKING pc=0x000001eb075f662f sp=0x000000b1d2cfb768 mode 2
Event: 770.574 Thread 0x000001eb1cb14000 Uncommon trap: trap_request=0xffffff4d fr.pc=0x000001eb0f41f5d8 relative=0x0000000000000918
Event: 770.574 Thread 0x000001eb1cb14000 DEOPT PACKING pc=0x000001eb0f41f5d8 sp=0x000000b1d2cfb640
Event: 770.574 Thread 0x000001eb1cb14000 DEOPT UNPACKING pc=0x000001eb075f662f sp=0x000000b1d2cfb5f8 mode 2


Dynamic libraries:
0x00007ff63dfc0000 - 0x00007ff63dfcf000 	C:\Program Files\Java\jdk-11.0.15\bin\java.exe
0x00007ff923c20000 - 0x00007ff923e29000 	C:\WINDOWS\SYSTEM32\ntdll.dll
0x00007ff922040000 - 0x00007ff9220fd000 	C:\WINDOWS\System32\KERNEL32.DLL
0x00007ff921580000 - 0x00007ff9218f9000 	C:\WINDOWS\System32\KERNELBASE.dll
0x00007ff9212c0000 - 0x00007ff9213d1000 	C:\WINDOWS\System32\ucrtbase.dll
0x00007ff90b090000 - 0x00007ff90b0a5000 	C:\Program Files\Java\jdk-11.0.15\bin\VCRUNTIME140.dll
0x00007ff9063b0000 - 0x00007ff9063c8000 	C:\Program Files\Java\jdk-11.0.15\bin\jli.dll
0x00007ff9235d0000 - 0x00007ff92367e000 	C:\WINDOWS\System32\ADVAPI32.dll
0x00007ff923680000 - 0x00007ff923723000 	C:\WINDOWS\System32\msvcrt.dll
0x00007ff923530000 - 0x00007ff9235ce000 	C:\WINDOWS\System32\sechost.dll
0x00007ff921e70000 - 0x00007ff921f90000 	C:\WINDOWS\System32\RPCRT4.dll
0x00007ff9227e0000 - 0x00007ff92298c000 	C:\WINDOWS\System32\USER32.dll
0x00007ff9213e0000 - 0x00007ff921406000 	C:\WINDOWS\System32\win32u.dll
0x00007ff908900000 - 0x00007ff908ba5000 	C:\WINDOWS\WinSxS\amd64_microsoft.windows.common-controls_6595b64144ccf1df_6.0.22000.120_none_9d947278b86cc467\COMCTL32.dll
0x00007ff922990000 - 0x00007ff9229b9000 	C:\WINDOWS\System32\GDI32.dll
0x00007ff921100000 - 0x00007ff921212000 	C:\WINDOWS\System32\gdi32full.dll
0x00007ff921220000 - 0x00007ff9212bd000 	C:\WINDOWS\System32\msvcp_win.dll
0x00007ff9159b0000 - 0x00007ff9159ba000 	C:\WINDOWS\SYSTEM32\VERSION.dll
0x00007ff9234f0000 - 0x00007ff923521000 	C:\WINDOWS\System32\IMM32.DLL
0x00007ff8f5710000 - 0x00007ff8f57ab000 	C:\Program Files\Java\jdk-11.0.15\bin\msvcp140.dll
0x00007ff8d2ba0000 - 0x00007ff8d36b6000 	C:\Program Files\Java\jdk-11.0.15\bin\server\jvm.dll
0x00007ff923bd0000 - 0x00007ff923bd8000 	C:\WINDOWS\System32\PSAPI.DLL
0x00007ff91e3e0000 - 0x00007ff91e3e9000 	C:\WINDOWS\SYSTEM32\WSOCK32.dll
0x00007ff918410000 - 0x00007ff918443000 	C:\WINDOWS\SYSTEM32\WINMM.dll
0x00007ff923390000 - 0x00007ff9233ff000 	C:\WINDOWS\System32\WS2_32.dll
0x00007ff9201c0000 - 0x00007ff9201d8000 	C:\WINDOWS\SYSTEM32\kernel.appcore.dll
0x00007ff915030000 - 0x00007ff915040000 	C:\Program Files\Java\jdk-11.0.15\bin\verify.dll
0x00007ff91d8b0000 - 0x00007ff91dad1000 	C:\WINDOWS\SYSTEM32\DBGHELP.DLL
0x00007ff91e3a0000 - 0x00007ff91e3d1000 	C:\WINDOWS\SYSTEM32\dbgcore.DLL
0x00007ff921a30000 - 0x00007ff921aaf000 	C:\WINDOWS\System32\bcryptPrimitives.dll
0x00007ff9030a0000 - 0x00007ff9030c8000 	C:\Program Files\Java\jdk-11.0.15\bin\java.dll
0x00007ff911b50000 - 0x00007ff911b5a000 	C:\Program Files\Java\jdk-11.0.15\bin\jimage.dll
0x00007ff9031a0000 - 0x00007ff9031b6000 	C:\Program Files\Java\jdk-11.0.15\bin\zip.dll
0x00007ff922a30000 - 0x00007ff9231e8000 	C:\WINDOWS\System32\SHELL32.dll
0x00007ff91f230000 - 0x00007ff91fa98000 	C:\WINDOWS\SYSTEM32\windows.storage.dll
0x00007ff923850000 - 0x00007ff923bc9000 	C:\WINDOWS\System32\combase.dll
0x00007ff91f0c0000 - 0x00007ff91f226000 	C:\WINDOWS\SYSTEM32\wintypes.dll
0x00007ff923400000 - 0x00007ff9234ea000 	C:\WINDOWS\System32\SHCORE.dll
0x00007ff9229d0000 - 0x00007ff922a2d000 	C:\WINDOWS\System32\shlwapi.dll
0x00007ff921030000 - 0x00007ff921051000 	C:\WINDOWS\SYSTEM32\profapi.dll
0x00007ff902fc0000 - 0x00007ff902fd9000 	C:\Program Files\Java\jdk-11.0.15\bin\net.dll
0x00007ff91ab30000 - 0x00007ff91ac3c000 	C:\WINDOWS\SYSTEM32\WINHTTP.dll
0x00007ff9205e0000 - 0x00007ff920647000 	C:\WINDOWS\system32\mswsock.dll
0x00007ff902af0000 - 0x00007ff902b02000 	C:\Program Files\Java\jdk-11.0.15\bin\nio.dll
0x00007ff904210000 - 0x00007ff904237000 	C:\Users\Saukh\.gradle\native\e1d6ef7f7dcc3fd88c89a11ec53ec762bb8ba0a96d01ffa2cd45eb1d1d8dd5c5\windows-amd64\native-platform.dll
0x00007ff8f3ce0000 - 0x00007ff8f3e24000 	C:\Users\Saukh\.gradle\native\5664cfc778a61ccfe75a443a1ab52a65af34e5dc3c78e0209fed803814484fcb\windows-amd64\native-platform-file-events.dll
0x00007ff9110e0000 - 0x00007ff9110e9000 	C:\Program Files\Java\jdk-11.0.15\bin\management.dll
0x00007ff910d40000 - 0x00007ff910d4b000 	C:\Program Files\Java\jdk-11.0.15\bin\management_ext.dll
0x00007ff9208b0000 - 0x00007ff9208c8000 	C:\WINDOWS\SYSTEM32\CRYPTSP.dll
0x00007ff920120000 - 0x00007ff920155000 	C:\WINDOWS\system32\rsaenh.dll
0x00007ff920680000 - 0x00007ff9206a9000 	C:\WINDOWS\SYSTEM32\USERENV.dll
0x00007ff920ae0000 - 0x00007ff920b07000 	C:\WINDOWS\SYSTEM32\bcrypt.dll
0x00007ff9207d0000 - 0x00007ff9207dc000 	C:\WINDOWS\SYSTEM32\CRYPTBASE.dll
0x00007ff91fcf0000 - 0x00007ff91fd1d000 	C:\WINDOWS\SYSTEM32\IPHLPAPI.DLL
0x00007ff9229c0000 - 0x00007ff9229c9000 	C:\WINDOWS\System32\NSI.dll
0x00007ff91ccd0000 - 0x00007ff91cce9000 	C:\WINDOWS\SYSTEM32\dhcpcsvc6.DLL
0x00007ff91ccb0000 - 0x00007ff91ccce000 	C:\WINDOWS\SYSTEM32\dhcpcsvc.DLL
0x00007ff91fd60000 - 0x00007ff91fe48000 	C:\WINDOWS\SYSTEM32\DNSAPI.dll

dbghelp: loaded successfully - version: 4.0.5 - missing functions: none
symbol engine: initialized successfully - sym options: 0x614 - pdb path: .;C:\Program Files\Java\jdk-11.0.15\bin;C:\WINDOWS\SYSTEM32;C:\WINDOWS\WinSxS\amd64_microsoft.windows.common-controls_6595b64144ccf1df_6.0.22000.120_none_9d947278b86cc467;C:\Program Files\Java\jdk-11.0.15\bin\server;C:\Users\Saukh\.gradle\native\e1d6ef7f7dcc3fd88c89a11ec53ec762bb8ba0a96d01ffa2cd45eb1d1d8dd5c5\windows-amd64;C:\Users\Saukh\.gradle\native\5664cfc778a61ccfe75a443a1ab52a65af34e5dc3c78e0209fed803814484fcb\windows-amd64

VM Arguments:
jvm_args: -XX:MaxMetaspaceSize=512m --add-opens=java.base/java.util=ALL-UNNAMED --add-opens=java.base/java.lang=ALL-UNNAMED --add-opens=java.base/java.lang.invoke=ALL-UNNAMED --add-opens=java.base/java.util=ALL-UNNAMED --add-opens=java.prefs/java.util.prefs=ALL-UNNAMED --add-opens=java.prefs/java.util.prefs=ALL-UNNAMED --add-opens=java.base/java.nio.charset=ALL-UNNAMED --add-opens=java.base/java.net=ALL-UNNAMED --add-opens=java.base/java.util.concurrent.atomic=ALL-UNNAMED -Xmx2048m -Dfile.encoding=utf8 -Duser.country=FI -Duser.language=fi -Duser.variant 
java_command: org.gradle.launcher.daemon.bootstrap.GradleDaemon 7.3.3
java_class_path (initial): C:\Users\Saukh\.gradle\wrapper\dists\gradle-7.3.3-all\4295vidhdd9hd3gbjyw1xqxpo\gradle-7.3.3\lib\gradle-launcher-7.3.3.jar
Launcher Type: SUN_STANDARD

[Global flags]
     intx CICompilerCount                          = 12                                        {product} {ergonomic}
   size_t CompressedClassSpaceSize                 = 528482304                                 {product} {ergonomic}
     uint ConcGCThreads                            = 3                                         {product} {ergonomic}
     uint G1ConcRefinementThreads                  = 13                                        {product} {ergonomic}
   size_t G1HeapRegionSize                         = 1048576                                   {product} {ergonomic}
    uintx GCDrainStackTargetSize                   = 64                                        {product} {ergonomic}
   size_t InitialHeapSize                          = 232783872                                 {product} {ergonomic}
   size_t MarkStackSize                            = 4194304                                   {product} {ergonomic}
   size_t MaxHeapSize                              = 2147483648                                {product} {command line}
   size_t MaxMetaspaceSize                         = 536870912                                 {product} {command line}
   size_t MaxNewSize                               = 1287651328                                {product} {ergonomic}
   size_t MinHeapDeltaBytes                        = 1048576                                   {product} {ergonomic}
    uintx NonNMethodCodeHeapSize                   = 7594288                                {pd product} {ergonomic}
    uintx NonProfiledCodeHeapSize                  = 122031976                              {pd product} {ergonomic}
    uintx ProfiledCodeHeapSize                     = 122031976                              {pd product} {ergonomic}
    uintx ReservedCodeCacheSize                    = 251658240                              {pd product} {ergonomic}
     bool SegmentedCodeCache                       = true                                      {product} {ergonomic}
     bool UseCompressedClassPointers               = true                                 {lp64_product} {ergonomic}
     bool UseCompressedOops                        = true                                 {lp64_product} {ergonomic}
     bool UseG1GC                                  = true                                      {product} {ergonomic}
     bool UseLargePagesIndividualAllocation        = false                                  {pd product} {ergonomic}

Logging:
Log output configuration:
 #0: stdout all=warning uptime,level,tags
 #1: stderr all=off uptime,level,tags

Environment Variables:
JAVA_HOME=C:\Program Files\Java\jdk-11.0.15
PATH=C:\Program Files\Common Files\Oracle\Java\javapath;C:\WINDOWS\system32;C:\WINDOWS;C:\WINDOWS\System32\Wbem;C:\WINDOWS\System32\WindowsPowerShell\v1.0\;C:\WINDOWS\System32\OpenSSH\;C:\ProgramData\chocolatey\bin;C:\Program Files\nodejs\;C:\Program Files\Java\jdk-18.0.1.1;C:\Program Files\Git\cmd;C:\Users\Saukh\AppData\Local\Android\Sdk\platform-tools;C:\Users\Saukh\AppData\Local\Microsoft\WindowsApps;C:\Users\Saukh\AppData\Local\Programs\Microsoft VS Code\bin;C:\Users\Saukh\AppData\Roaming\npm;C:\Users\Saukh\AppData\Local\Programs\mongosh\;C:\Users\Saukh\AppData\Local\GitHubDesktop\bin
USERNAME=Saukh
OS=Windows_NT
PROCESSOR_IDENTIFIER=AMD64 Family 23 Model 104 Stepping 1, AuthenticAMD



---------------  S Y S T E M  ---------------

OS: Windows 11 , 64 bit Build 22000 (10.0.22000.708)
Hyper-V role detected

CPU:total 16 (initial active 16) (16 cores per cpu, 2 threads per core) family 23 model 104 stepping 1 microcode 0x0, cmov, cx8, fxsr, mmx, sse, sse2, sse3, ssse3, sse4.1, sse4.2, popcnt, avx, avx2, aes, clmul, mmxext, 3dnowpref, lzcnt, sse4a, ht, tsc, tscinvbit, tscinv, bmi1, bmi2, adx,

Memory: 4k page, system-wide physical 14197M (440M free)
TotalPageFile size 57205M (AvailPageFile size 3M)
current process WorkingSet (physical memory assigned to process): 457M, peak: 525M
current process commit charge ("private bytes"): 528M, peak: 589M

vm_info: Java HotSpot(TM) 64-Bit Server VM (11.0.15+8-LTS-149) for windows-amd64 JRE (11.0.15+8-LTS-149), built on Mar  9 2022 22:42:32 by "mach5one" with MS VC++ 15.9 (VS2017)

END.
