#
# There is insufficient memory for the Java Runtime Environment to continue.
# Native memory allocation (malloc) failed to allocate 188864 bytes for Chunk::new
# Possible reasons:
#   The system is out of physical RAM or swap space
#   The process is running with CompressedOops enabled, and the Java Heap may be blocking the growth of the native heap
# Possible solutions:
#   Reduce memory load on the system
#   Increase physical memory or swap space
#   Check if swap backing store is full
#   Decrease Java heap size (-Xmx/-Xms)
#   Decrease number of Java threads
#   Decrease Java thread stack sizes (-Xss)
#   Set larger code cache with -XX:ReservedCodeCacheSize=
#   JVM is running with Unscaled Compressed Oops mode in which the Java heap is
#     placed in the first 4GB address space. The Java Heap base address is the
#     maximum limit for the native heap growth. Please use -XX:HeapBaseMinAddress
#     to set the Java Heap base and to place the Java Heap above 4GB virtual address.
# This output file may be truncated or incomplete.
#
#  Out of Memory Error (arena.cpp:189), pid=157484, tid=174048
#
# JRE version: OpenJDK Runtime Environment Temurin-17.0.3+7 (17.0.3+7) (build 17.0.3+7)
# Java VM: OpenJDK 64-Bit Server VM Temurin-17.0.3+7 (17.0.3+7, mixed mode, tiered, compressed oops, compressed class ptrs, parallel gc, windows-amd64)
# No core dump will be written. Minidumps are not enabled by default on client versions of Windows
#

---------------  S U M M A R Y ------------

Command Line: --add-modules=ALL-SYSTEM --add-opens=java.base/java.util=ALL-UNNAMED --add-opens=java.base/java.lang=ALL-UNNAMED --add-opens=java.base/sun.nio.fs=ALL-UNNAMED -Declipse.application=org.eclipse.jdt.ls.core.id1 -Dosgi.bundles.defaultStartLevel=4 -Declipse.product=org.eclipse.jdt.ls.core.product -Djava.import.generatesMetadataFilesAtProjectRoot=false -Dfile.encoding=utf8 -DwatchParentProcess=false -XX:+UseParallelGC -XX:GCTimeRatio=4 -XX:AdaptiveSizePolicyWeight=90 -Dsun.zip.disableMemoryMapping=true -Xmx1G -Xms100m -XX:+HeapDumpOnOutOfMemoryError -XX:HeapDumpPath=c:\Users\Saukh\AppData\Roaming\Code\User\workspaceStorage\d1cd2b73d20d83c18b56649c3c2d25fc\redhat.java c:\Users\Saukh\.vscode\extensions\redhat.java-1.7.0-win32-x64\server\plugins\org.eclipse.equinox.launcher_1.6.400.v20210924-0641.jar -configuration c:\Users\Saukh\AppData\Roaming\Code\User\globalStorage\redhat.java\1.7.0\config_win -data c:\Users\Saukh\AppData\Roaming\Code\User\workspaceStorage\d1cd2b73d20d83c18b56649c3c2d25fc\redhat.java\jdt_ws

Host: AMD Ryzen 7 5700U with Radeon Graphics         , 16 cores, 13G,  Windows 11 , 64 bit Build 22000 (10.0.22000.708)
Time: Thu Jun 30 14:00:16 2022 Suomen kesäaika elapsed time: 803.622060 seconds (0d 0h 13m 23s)

---------------  T H R E A D  ---------------

Current thread (0x000001fada2072a0):  JavaThread "C2 CompilerThread0" daemon [_thread_in_native, id=174048, stack(0x0000007734700000,0x0000007734800000)]


Current CompileTask:
C2: 803622 9383       4       com.sun.org.apache.xerces.internal.util.SymbolTable::addSymbol (110 bytes)

Stack: [0x0000007734700000,0x0000007734800000]
Native frames: (J=compiled Java code, j=interpreted, Vv=VM code, C=native code)
V  [jvm.dll+0x675efa]
V  [jvm.dll+0x830a24]
V  [jvm.dll+0x8321ce]
V  [jvm.dll+0x832833]
V  [jvm.dll+0x2454b5]
V  [jvm.dll+0xabd7b]
V  [jvm.dll+0xac30c]
V  [jvm.dll+0x363627]
V  [jvm.dll+0x32dca1]
V  [jvm.dll+0x32d14a]
V  [jvm.dll+0x218361]
V  [jvm.dll+0x217781]
V  [jvm.dll+0x1a3ccd]
V  [jvm.dll+0x227178]
V  [jvm.dll+0x2252bc]
V  [jvm.dll+0x7e673b]
V  [jvm.dll+0x7e0cfa]
V  [jvm.dll+0x674d85]
C  [ucrtbase.dll+0x26c0c]
C  [KERNEL32.DLL+0x154e0]
C  [ntdll.dll+0x485b]


---------------  P R O C E S S  ---------------

Threads class SMR info:
_java_thread_list=0x000001fae21e6e10, length=55, elements={
0x000001fac2643730, 0x000001fad84154f0, 0x000001fad8416840, 0x000001fada201010,
0x000001fada201bc0, 0x000001fada202770, 0x000001fad841afa0, 0x000001fada2072a0,
0x000001fada20c8c0, 0x000001fada20d2b0, 0x000001fac2702380, 0x000001fada4d0940,
0x000001fadc4330a0, 0x000001fadc3879e0, 0x000001fadc3886d0, 0x000001fadd051110,
0x000001fadd51ec00, 0x000001fadd260520, 0x000001faddc7bed0, 0x000001faddc7b530,
0x000001fadf94ffb0, 0x000001fadf9534a0, 0x000001fadf955650, 0x000001fadf955b20,
0x000001fadf9512f0, 0x000001fadf9547e0, 0x000001fadf94e7a0, 0x000001fadf94ec70,
0x000001fadf950950, 0x000001fadf952b00, 0x000001fadf94f610, 0x000001fadf9517c0,
0x000001fae0f869f0, 0x000001fadf950480, 0x000001fae08b5cb0, 0x000001fae0fa3c90,
0x000001fae06a8c30, 0x000001fae0fa6b10, 0x000001fae2261760, 0x000001fae3319810,
0x000001fadd184850, 0x000001fadd184380, 0x000001fae3318000, 0x000001fae3318e70,
0x000001fae0f86ec0, 0x000001fae20f2e20, 0x000001fae20f2950, 0x000001fae2261c30,
0x000001fae2262100, 0x000001fae0c61980, 0x000001fae20f3c90, 0x000001faddf5c9f0,
0x000001faddf5c4e0, 0x000001fae0f87860, 0x000001faddf5e340
}

Java Threads: ( => current thread )
  0x000001fac2643730 JavaThread "main" [_thread_blocked, id=171816, stack(0x0000007733e00000,0x0000007733f00000)]
  0x000001fad84154f0 JavaThread "Reference Handler" daemon [_thread_blocked, id=168364, stack(0x0000007734100000,0x0000007734200000)]
  0x000001fad8416840 JavaThread "Finalizer" daemon [_thread_blocked, id=138772, stack(0x0000007734200000,0x0000007734300000)]
  0x000001fada201010 JavaThread "Signal Dispatcher" daemon [_thread_blocked, id=161688, stack(0x0000007734300000,0x0000007734400000)]
  0x000001fada201bc0 JavaThread "Attach Listener" daemon [_thread_blocked, id=158272, stack(0x0000007734400000,0x0000007734500000)]
  0x000001fada202770 JavaThread "Service Thread" daemon [_thread_blocked, id=171808, stack(0x0000007734500000,0x0000007734600000)]
  0x000001fad841afa0 JavaThread "Monitor Deflation Thread" daemon [_thread_blocked, id=153668, stack(0x0000007734600000,0x0000007734700000)]
=>0x000001fada2072a0 JavaThread "C2 CompilerThread0" daemon [_thread_in_native, id=174048, stack(0x0000007734700000,0x0000007734800000)]
  0x000001fada20c8c0 JavaThread "C1 CompilerThread0" daemon [_thread_blocked, id=171536, stack(0x0000007734800000,0x0000007734900000)]
  0x000001fada20d2b0 JavaThread "Sweeper thread" daemon [_thread_blocked, id=152008, stack(0x0000007734900000,0x0000007734a00000)]
  0x000001fac2702380 JavaThread "Common-Cleaner" daemon [_thread_blocked, id=166612, stack(0x0000007734a00000,0x0000007734b00000)]
  0x000001fada4d0940 JavaThread "Notification Thread" daemon [_thread_blocked, id=159308, stack(0x0000007734e00000,0x0000007734f00000)]
  0x000001fadc4330a0 JavaThread "Active Thread: Equinox Container: e115e211-89cd-4ddb-83d0-02ffba880140" [_thread_blocked, id=138296, stack(0x0000007734d00000,0x0000007734e00000)]
  0x000001fadc3879e0 JavaThread "Framework Event Dispatcher: Equinox Container: e115e211-89cd-4ddb-83d0-02ffba880140" daemon [_thread_blocked, id=129856, stack(0x0000007735500000,0x0000007735600000)]
  0x000001fadc3886d0 JavaThread "Start Level: Equinox Container: e115e211-89cd-4ddb-83d0-02ffba880140" daemon [_thread_blocked, id=172812, stack(0x0000007735600000,0x0000007735700000)]
  0x000001fadd051110 JavaThread "SCR Component Actor" daemon [_thread_blocked, id=162232, stack(0x0000007735700000,0x0000007735800000)]
  0x000001fadd51ec00 JavaThread "Bundle File Closer" daemon [_thread_blocked, id=134660, stack(0x0000007735b00000,0x0000007735c00000)]
  0x000001fadd260520 JavaThread "Worker-JM" [_thread_blocked, id=75504, stack(0x0000007735c00000,0x0000007735d00000)]
  0x000001faddc7bed0 JavaThread "Worker-1: Refreshing workspace" [_thread_blocked, id=171916, stack(0x0000007736300000,0x0000007736400000)]
  0x000001faddc7b530 JavaThread "Java indexing" daemon [_thread_blocked, id=137052, stack(0x0000007736700000,0x0000007736800000)]
  0x000001fadf94ffb0 JavaThread "Worker-4" [_thread_blocked, id=129324, stack(0x0000007736d00000,0x0000007736e00000)]
  0x000001fadf9534a0 JavaThread "pool-1-thread-1" [_thread_in_vm, id=157224, stack(0x0000007736e00000,0x0000007736f00000)]
  0x000001fadf955650 JavaThread "Worker-6: Synchronize Gradle projects with workspace" [_thread_blocked, id=121196, stack(0x0000007737100000,0x0000007737200000)]
  0x000001fadf955b20 JavaThread "Worker-8: Synchronize Gradle projects with workspace" [_thread_blocked, id=150816, stack(0x0000007737300000,0x0000007737400000)]
  0x000001fadf9512f0 JavaThread "Worker-9: Synchronize Gradle projects with workspace" [_thread_blocked, id=157080, stack(0x0000007737400000,0x0000007737500000)]
  0x000001fadf9547e0 JavaThread "Worker-10: Synchronize Gradle projects with workspace" [_thread_blocked, id=171376, stack(0x0000007737500000,0x0000007737600000)]
  0x000001fadf94e7a0 JavaThread "Worker-11: Compacting resource model" [_thread_blocked, id=109516, stack(0x0000007737600000,0x0000007737700000)]
  0x000001fadf94ec70 JavaThread "Timer-2" [_thread_blocked, id=159668, stack(0x0000007737700000,0x0000007737800000)]
  0x000001fadf950950 JavaThread "Timer-4" [_thread_blocked, id=172188, stack(0x0000007737800000,0x0000007737900000)]
  0x000001fadf952b00 JavaThread "Timer-1" [_thread_blocked, id=123624, stack(0x0000007737900000,0x0000007737a00000)]
  0x000001fadf94f610 JavaThread "Timer-3" [_thread_blocked, id=164036, stack(0x0000007737a00000,0x0000007737b00000)]
  0x000001fadf9517c0 JavaThread "Timer-5" [_thread_blocked, id=160848, stack(0x0000007737b00000,0x0000007737c00000)]
  0x000001fae0f869f0 JavaThread "Timer-6" [_thread_blocked, id=165896, stack(0x0000007737e00000,0x0000007737f00000)]
  0x000001fadf950480 JavaThread "Timer-7" [_thread_blocked, id=130800, stack(0x0000007737f00000,0x0000007738000000)]
  0x000001fae08b5cb0 JavaThread "Timer-8" [_thread_blocked, id=111912, stack(0x0000007738000000,0x0000007738100000)]
  0x000001fae0fa3c90 JavaThread "Timer-9" [_thread_blocked, id=159020, stack(0x0000007738100000,0x0000007738200000)]
  0x000001fae06a8c30 JavaThread "Timer-10" [_thread_blocked, id=151824, stack(0x0000007738200000,0x0000007738300000)]
  0x000001fae0fa6b10 JavaThread "Timer-11" [_thread_blocked, id=150040, stack(0x0000007735900000,0x0000007735a00000)]
  0x000001fae2261760 JavaThread "Worker-12: Initialize workspace" [_thread_blocked, id=86976, stack(0x0000007736200000,0x0000007736300000)]
  0x000001fae3319810 JavaThread "Worker-13: Periodic workspace save." [_thread_blocked, id=159032, stack(0x0000007736100000,0x0000007736200000)]
  0x000001fadd184850 JavaThread "Timer-12" [_thread_blocked, id=173304, stack(0x0000007736600000,0x0000007736700000)]
  0x000001fadd184380 JavaThread "Timer-13" [_thread_blocked, id=159332, stack(0x0000007734b00000,0x0000007734c00000)]
  0x000001fae3318000 JavaThread "Timer-14" [_thread_blocked, id=170768, stack(0x0000007733b00000,0x0000007733c00000)]
  0x000001fae3318e70 JavaThread "Timer-15" [_thread_blocked, id=121972, stack(0x0000007733c00000,0x0000007733d00000)]
  0x000001fae0f86ec0 JavaThread "Worker-14: Java indexing... " [_thread_blocked, id=152536, stack(0x0000007736a00000,0x0000007736b00000)]
  0x000001fae20f2e20 JavaThread "Timer-16" [_thread_blocked, id=72256, stack(0x0000007735800000,0x0000007735900000)]
  0x000001fae20f2950 JavaThread "Timer-17" [_thread_blocked, id=94436, stack(0x0000007733d00000,0x0000007733e00000)]
  0x000001fae2261c30 JavaThread "Timer-18" [_thread_blocked, id=52012, stack(0x0000007736800000,0x0000007736900000)]
  0x000001fae2262100 JavaThread "Timer-19" [_thread_blocked, id=171432, stack(0x0000007736900000,0x0000007736a00000)]
  0x000001fae0c61980 JavaThread "Timer-20" [_thread_blocked, id=156832, stack(0x0000007736500000,0x0000007736600000)]
  0x000001fae20f3c90 JavaThread "Timer-21" [_thread_blocked, id=161164, stack(0x0000007736c00000,0x0000007736d00000)]
  0x000001faddf5c9f0 JavaThread "C1 CompilerThread1" daemon [_thread_blocked, id=166776, stack(0x0000007736f00000,0x0000007737000000)]
  0x000001faddf5c4e0 JavaThread "C1 CompilerThread2" daemon [_thread_blocked, id=151312, stack(0x0000007737000000,0x0000007737100000)]
  0x000001fae0f87860 JavaThread "Timer-22" [_thread_blocked, id=156424, stack(0x0000007737200000,0x0000007737300000)]
  0x000001faddf5e340 JavaThread "C2 CompilerThread1" daemon [_thread_in_native, id=158904, stack(0x0000007737c00000,0x0000007737d00000)]

Other Threads:
  0x000001fada1b58e0 VMThread "VM Thread" [stack: 0x0000007734000000,0x0000007734100000] [id=130516]
  0x000001fada4d0e10 WatcherThread [stack: 0x0000007734f00000,0x0000007735000000] [id=166132]
  0x000001fac26591d0 GCTaskThread "GC Thread#0" [stack: 0x0000007733f00000,0x0000007734000000] [id=156752]
  0x000001fadc3355f0 GCTaskThread "GC Thread#1" [stack: 0x0000007734c00000,0x0000007734d00000] [id=152400]
  0x000001fadc247660 GCTaskThread "GC Thread#2" [stack: 0x0000007735000000,0x0000007735100000] [id=157744]
  0x000001fadc394710 GCTaskThread "GC Thread#3" [stack: 0x0000007735100000,0x0000007735200000] [id=156192]
  0x000001fadd00fc30 GCTaskThread "GC Thread#4" [stack: 0x0000007735200000,0x0000007735300000] [id=140612]
  0x000001fadd014620 GCTaskThread "GC Thread#5" [stack: 0x0000007735300000,0x0000007735400000] [id=166360]
  0x000001fadd0148d0 GCTaskThread "GC Thread#6" [stack: 0x0000007735400000,0x0000007735500000] [id=145236]
  0x000001fadd795350 GCTaskThread "GC Thread#7" [stack: 0x0000007735d00000,0x0000007735e00000] [id=167888]
  0x000001fadd691090 GCTaskThread "GC Thread#8" [stack: 0x0000007735e00000,0x0000007735f00000] [id=136580]
  0x000001fadd691340 GCTaskThread "GC Thread#9" [stack: 0x0000007735f00000,0x0000007736000000] [id=132204]
  0x000001fadd691a00 GCTaskThread "GC Thread#10" [stack: 0x0000007736000000,0x0000007736100000] [id=167528]
  0x000001fadd711fb0 GCTaskThread "GC Thread#11" [stack: 0x0000007735a00000,0x0000007735b00000] [id=158900]
  0x000001fadd6e6660 GCTaskThread "GC Thread#12" [stack: 0x0000007736400000,0x0000007736500000] [id=102796]

Threads with active compile tasks:
C2 CompilerThread0   803670 9383       4       com.sun.org.apache.xerces.internal.util.SymbolTable::addSymbol (110 bytes)
C1 CompilerThread0   803670 9455       3       org.eclipse.jdt.internal.core.search.indexing.BinaryIndexer::addBinaryTargetAnnotation (349 bytes)
C2 CompilerThread1   803670 9397   !   4       org.eclipse.core.internal.preferences.EclipsePreferences::internalGet (90 bytes)

VM state: not at safepoint (normal execution)

VM Mutex/Monitor currently owned by a thread: None

OutOfMemory and StackOverflow Exception counts:
OutOfMemoryError java_heap_errors=1
LinkageErrors=134

Heap address: 0x00000000c0000000, size: 1024 MB, Compressed Oops mode: 32-bit

CDS archive(s) not mapped
Compressed class space mapped at: 0x0000000100000000-0x0000000140000000, reserved size: 1073741824
Narrow klass base: 0x0000000000000000, Narrow klass shift: 3, Narrow klass range: 0x140000000

GC Precious Log:
 CPUs: 16 total, 16 available
 Memory: 14197M
 Large Page Support: Disabled
 NUMA Support: Disabled
 Compressed Oops: Enabled (32-bit)
 Alignments: Space 512K, Generation 512K, Heap 2M
 Heap Min Capacity: 100M
 Heap Initial Capacity: 100M
 Heap Max Capacity: 1G
 Pre-touch: Disabled
 Parallel Workers: 13

Heap:
 PSYoungGen      total 2048K, used 1307K [0x00000000eab00000, 0x00000000eae00000, 0x0000000100000000)
  eden space 1536K, 62% used [0x00000000eab00000,0x00000000eabeed60,0x00000000eac80000)
  from space 512K, 68% used [0x00000000ead80000,0x00000000eadd8000,0x00000000eae00000)
  to   space 512K, 0% used [0x00000000ead00000,0x00000000ead00000,0x00000000ead80000)
 ParOldGen       total 89600K, used 78281K [0x00000000c0000000, 0x00000000c5780000, 0x00000000eab00000)
  object space 89600K, 87% used [0x00000000c0000000,0x00000000c4c72640,0x00000000c5780000)
 Metaspace       used 67954K, committed 68992K, reserved 1114112K
  class space    used 8232K, committed 8704K, reserved 1048576K

Card table byte_map: [0x000001fad5c90000,0x000001fad5ea0000] _byte_map_base: 0x000001fad5690000

Marking Bits: (ParMarkBitMap*) 0x00007ff8c9144b80
 Begin Bits: [0x000001fad6000000, 0x000001fad7000000)
 End Bits:   [0x000001fad7000000, 0x000001fad8000000)

Polling page: 0x000001fac2720000

Metaspace:

Usage:
  Non-class:     58.32 MB used.
      Class:      8.04 MB used.
       Both:     66.36 MB used.

Virtual space:
  Non-class space:       64.00 MB reserved,      58.88 MB ( 92%) committed,  8 nodes.
      Class space:        1.00 GB reserved,       8.50 MB ( <1%) committed,  1 nodes.
             Both:        1.06 GB reserved,      67.38 MB (  6%) committed. 

Chunk freelists:
   Non-Class:  796.00 KB
       Class:  3.53 MB
        Both:  4.31 MB

MaxMetaspaceSize: unlimited
CompressedClassSpaceSize: 1.00 GB
Initial GC threshold: 21.00 MB
Current GC threshold: 111.69 MB
CDS: off
MetaspaceReclaimPolicy: balanced
 - commit_granule_bytes: 65536.
 - commit_granule_words: 8192.
 - virtual_space_node_default_size: 1048576.
 - enlarge_chunks_in_place: 1.
 - new_chunks_are_fully_committed: 0.
 - uncommit_free_chunks: 1.
 - use_allocation_guard: 0.
 - handle_deallocations: 1.


Internal statistics:

num_allocs_failed_limit: 9.
num_arena_births: 714.
num_arena_deaths: 32.
num_vsnodes_births: 9.
num_vsnodes_deaths: 0.
num_space_committed: 1078.
num_space_uncommitted: 0.
num_chunks_returned_to_freelist: 55.
num_chunks_taken_from_freelist: 3369.
num_chunk_merges: 26.
num_chunk_splits: 2018.
num_chunks_enlarged: 1091.
num_purges: 2.
num_inconsistent_stats: 0.

CodeHeap 'non-profiled nmethods': size=119168Kb used=5953Kb max_used=6393Kb free=113214Kb
 bounds [0x000001face650000, 0x000001facec90000, 0x000001fad5ab0000]
CodeHeap 'profiled nmethods': size=119104Kb used=13929Kb max_used=14918Kb free=105174Kb
 bounds [0x000001fac7200000, 0x000001fac80a0000, 0x000001face650000]
CodeHeap 'non-nmethods': size=7488Kb used=2478Kb max_used=3087Kb free=5009Kb
 bounds [0x000001fac6ab0000, 0x000001fac6eb0000, 0x000001fac7200000]
 total_blobs=8052 nmethods=7362 adapters=602
 compilation: enabled
              stopped_count=0, restarted_count=0
 full_count=0

Compilation events (20 events):
Event: 803.606 Thread 0x000001faddf5c9f0 9391       3       com.google.gson.stream.JsonWriter::string (169 bytes)
Event: 803.607 Thread 0x000001fada20c8c0 nmethod 9387 0x000001fac78e8b10 code [0x000001fac78e8ce0, 0x000001fac78e9298]
Event: 803.607 Thread 0x000001fada20c8c0 9390       1       java.util.Calendar::getMinimalDaysInFirstWeek (5 bytes)
Event: 803.607 Thread 0x000001fada20c8c0 nmethod 9390 0x000001faceb92010 code [0x000001faceb921a0, 0x000001faceb92278]
Event: 803.607 Thread 0x000001fada20c8c0 9392       3       java.lang.invoke.BootstrapMethodInvoker::widenAndCast (47 bytes)
Event: 803.608 Thread 0x000001faddf5c4e0 nmethod 9388 0x000001fac748d090 code [0x000001fac748d320, 0x000001fac748e0e8]
Event: 803.608 Thread 0x000001faddf5c9f0 nmethod 9391 0x000001fac7ca3490 code [0x000001fac7ca3720, 0x000001fac7ca4608]
Event: 803.608 Thread 0x000001faddf5c9f0 9393       3       org.eclipse.jdt.ls.core.internal.managers.StandardProjectsManager$$Lambda$358/0x00000001007eb478::test (8 bytes)
Event: 803.608 Thread 0x000001faddf5c4e0 9394       3       org.eclipse.jdt.ls.core.internal.managers.StandardProjectsManager::lambda$3 (15 bytes)
Event: 803.608 Thread 0x000001faddf5c4e0 nmethod 9394 0x000001fac7ca5990 code [0x000001fac7ca5b60, 0x000001fac7ca5e98]
Event: 803.608 Thread 0x000001faddf5c9f0 nmethod 9393 0x000001fac7cab790 code [0x000001fac7cab960, 0x000001fac7cabe18]
Event: 803.608 Thread 0x000001faddf5c4e0 9395       3       org.eclipse.jdt.ls.core.internal.managers.StandardProjectsManager$$Lambda$359/0x00000001007eb6c0::accept (12 bytes)
Event: 803.608 Thread 0x000001faddf5c9f0 9396       3       org.eclipse.jdt.ls.core.internal.managers.StandardProjectsManager::lambda$4 (24 bytes)
Event: 803.609 Thread 0x000001faddf5c9f0 nmethod 9396 0x000001fac7cb2590 code [0x000001fac7cb2760, 0x000001fac7cb2c68]
Event: 803.609 Thread 0x000001faddf5c4e0 nmethod 9395 0x000001fac7e97a10 code [0x000001fac7e97c00, 0x000001fac7e98288]
Event: 803.609 Thread 0x000001faddf5c9f0 9398       3       java.lang.StringCoding::implEncodeAsciiArray (47 bytes)
Event: 803.609 Thread 0x000001faddf5c9f0 nmethod 9398 0x000001fac7e5de90 code [0x000001fac7e5e040, 0x000001fac7e5e298]
Event: 803.611 Thread 0x000001fada20c8c0 nmethod 9392 0x000001fac775e210 code [0x000001fac775e480, 0x000001fac775edf8]
Event: 803.616 Thread 0x000001faddf5c9f0 9399       3       org.eclipse.osgi.internal.log.EquinoxLogWriter::appendPaddedInt (76 bytes)
Event: 803.617 Thread 0x000001faddf5c9f0 nmethod 9399 0x000001fac7cdfe90 code [0x000001fac7ce00e0, 0x000001fac7ce0718]

GC Heap History (20 events):
Event: 803.304 GC heap before
{Heap before GC invocations=263 (full 7):
 PSYoungGen      total 1536K, used 1341K [0x00000000eab00000, 0x00000000ead80000, 0x0000000100000000)
  eden space 1024K, 99% used [0x00000000eab00000,0x00000000eabff490,0x00000000eac00000)
  from space 512K, 62% used [0x00000000eac80000,0x00000000eacd0000,0x00000000ead00000)
  to   space 512K, 0% used [0x00000000ead00000,0x00000000ead00000,0x00000000ead80000)
 ParOldGen       total 89600K, used 76286K [0x00000000c0000000, 0x00000000c5780000, 0x00000000eab00000)
  object space 89600K, 85% used [0x00000000c0000000,0x00000000c4a7fb38,0x00000000c5780000)
 Metaspace       used 67673K, committed 68672K, reserved 1114112K
  class space    used 8207K, committed 8640K, reserved 1048576K
}
Event: 803.305 GC heap after
{Heap after GC invocations=263 (full 7):
 PSYoungGen      total 1536K, used 352K [0x00000000eab00000, 0x00000000ead80000, 0x0000000100000000)
  eden space 1024K, 0% used [0x00000000eab00000,0x00000000eab00000,0x00000000eac00000)
  from space 512K, 68% used [0x00000000ead00000,0x00000000ead58000,0x00000000ead80000)
  to   space 512K, 0% used [0x00000000eac80000,0x00000000eac80000,0x00000000ead00000)
 ParOldGen       total 89600K, used 76401K [0x00000000c0000000, 0x00000000c5780000, 0x00000000eab00000)
  object space 89600K, 85% used [0x00000000c0000000,0x00000000c4a9c508,0x00000000c5780000)
 Metaspace       used 67673K, committed 68672K, reserved 1114112K
  class space    used 8207K, committed 8640K, reserved 1048576K
}
Event: 803.308 GC heap before
{Heap before GC invocations=264 (full 7):
 PSYoungGen      total 1536K, used 1375K [0x00000000eab00000, 0x00000000ead80000, 0x0000000100000000)
  eden space 1024K, 99% used [0x00000000eab00000,0x00000000eabfff40,0x00000000eac00000)
  from space 512K, 68% used [0x00000000ead00000,0x00000000ead58000,0x00000000ead80000)
  to   space 512K, 0% used [0x00000000eac80000,0x00000000eac80000,0x00000000ead00000)
 ParOldGen       total 89600K, used 76401K [0x00000000c0000000, 0x00000000c5780000, 0x00000000eab00000)
  object space 89600K, 85% used [0x00000000c0000000,0x00000000c4a9c508,0x00000000c5780000)
 Metaspace       used 67673K, committed 68672K, reserved 1114112K
  class space    used 8207K, committed 8640K, reserved 1048576K
}
Event: 803.308 GC heap after
{Heap after GC invocations=264 (full 7):
 PSYoungGen      total 1536K, used 384K [0x00000000eab00000, 0x00000000ead80000, 0x0000000100000000)
  eden space 1024K, 0% used [0x00000000eab00000,0x00000000eab00000,0x00000000eac00000)
  from space 512K, 75% used [0x00000000eac80000,0x00000000eace0000,0x00000000ead00000)
  to   space 512K, 0% used [0x00000000ead00000,0x00000000ead00000,0x00000000ead80000)
 ParOldGen       total 89600K, used 76560K [0x00000000c0000000, 0x00000000c5780000, 0x00000000eab00000)
  object space 89600K, 85% used [0x00000000c0000000,0x00000000c4ac4010,0x00000000c5780000)
 Metaspace       used 67673K, committed 68672K, reserved 1114112K
  class space    used 8207K, committed 8640K, reserved 1048576K
}
Event: 803.310 GC heap before
{Heap before GC invocations=265 (full 7):
 PSYoungGen      total 1536K, used 1401K [0x00000000eab00000, 0x00000000ead80000, 0x0000000100000000)
  eden space 1024K, 99% used [0x00000000eab00000,0x00000000eabfe650,0x00000000eac00000)
  from space 512K, 75% used [0x00000000eac80000,0x00000000eace0000,0x00000000ead00000)
  to   space 512K, 0% used [0x00000000ead00000,0x00000000ead00000,0x00000000ead80000)
 ParOldGen       total 89600K, used 76560K [0x00000000c0000000, 0x00000000c5780000, 0x00000000eab00000)
  object space 89600K, 85% used [0x00000000c0000000,0x00000000c4ac4010,0x00000000c5780000)
 Metaspace       used 67673K, committed 68672K, reserved 1114112K
  class space    used 8207K, committed 8640K, reserved 1048576K
}
Event: 803.311 GC heap after
{Heap after GC invocations=265 (full 7):
 PSYoungGen      total 1536K, used 288K [0x00000000eab00000, 0x00000000ead80000, 0x0000000100000000)
  eden space 1024K, 0% used [0x00000000eab00000,0x00000000eab00000,0x00000000eac00000)
  from space 512K, 56% used [0x00000000ead00000,0x00000000ead48000,0x00000000ead80000)
  to   space 512K, 0% used [0x00000000eac80000,0x00000000eac80000,0x00000000ead00000)
 ParOldGen       total 89600K, used 76680K [0x00000000c0000000, 0x00000000c5780000, 0x00000000eab00000)
  object space 89600K, 85% used [0x00000000c0000000,0x00000000c4ae2010,0x00000000c5780000)
 Metaspace       used 67673K, committed 68672K, reserved 1114112K
  class space    used 8207K, committed 8640K, reserved 1048576K
}
Event: 803.314 GC heap before
{Heap before GC invocations=266 (full 7):
 PSYoungGen      total 1536K, used 1312K [0x00000000eab00000, 0x00000000ead80000, 0x0000000100000000)
  eden space 1024K, 100% used [0x00000000eab00000,0x00000000eac00000,0x00000000eac00000)
  from space 512K, 56% used [0x00000000ead00000,0x00000000ead48000,0x00000000ead80000)
  to   space 512K, 0% used [0x00000000eac80000,0x00000000eac80000,0x00000000ead00000)
 ParOldGen       total 89600K, used 76680K [0x00000000c0000000, 0x00000000c5780000, 0x00000000eab00000)
  object space 89600K, 85% used [0x00000000c0000000,0x00000000c4ae2010,0x00000000c5780000)
 Metaspace       used 67673K, committed 68672K, reserved 1114112K
  class space    used 8207K, committed 8640K, reserved 1048576K
}
Event: 803.315 GC heap after
{Heap after GC invocations=266 (full 7):
 PSYoungGen      total 2048K, used 320K [0x00000000eab00000, 0x00000000ead80000, 0x0000000100000000)
  eden space 1536K, 0% used [0x00000000eab00000,0x00000000eab00000,0x00000000eac80000)
  from space 512K, 62% used [0x00000000eac80000,0x00000000eacd0000,0x00000000ead00000)
  to   space 512K, 0% used [0x00000000ead00000,0x00000000ead00000,0x00000000ead80000)
 ParOldGen       total 89600K, used 76813K [0x00000000c0000000, 0x00000000c5780000, 0x00000000eab00000)
  object space 89600K, 85% used [0x00000000c0000000,0x00000000c4b03618,0x00000000c5780000)
 Metaspace       used 67673K, committed 68672K, reserved 1114112K
  class space    used 8207K, committed 8640K, reserved 1048576K
}
Event: 803.318 GC heap before
{Heap before GC invocations=267 (full 7):
 PSYoungGen      total 2048K, used 1856K [0x00000000eab00000, 0x00000000ead80000, 0x0000000100000000)
  eden space 1536K, 100% used [0x00000000eab00000,0x00000000eac80000,0x00000000eac80000)
  from space 512K, 62% used [0x00000000eac80000,0x00000000eacd0000,0x00000000ead00000)
  to   space 512K, 0% used [0x00000000ead00000,0x00000000ead00000,0x00000000ead80000)
 ParOldGen       total 89600K, used 76813K [0x00000000c0000000, 0x00000000c5780000, 0x00000000eab00000)
  object space 89600K, 85% used [0x00000000c0000000,0x00000000c4b03618,0x00000000c5780000)
 Metaspace       used 67673K, committed 68672K, reserved 1114112K
  class space    used 8207K, committed 8640K, reserved 1048576K
}
Event: 803.319 GC heap after
{Heap after GC invocations=267 (full 7):
 PSYoungGen      total 2048K, used 416K [0x00000000eab00000, 0x00000000eae00000, 0x0000000100000000)
  eden space 1536K, 0% used [0x00000000eab00000,0x00000000eab00000,0x00000000eac80000)
  from space 512K, 81% used [0x00000000ead00000,0x00000000ead68000,0x00000000ead80000)
  to   space 512K, 0% used [0x00000000eac80000,0x00000000eac80000,0x00000000ead00000)
 ParOldGen       total 89600K, used 76941K [0x00000000c0000000, 0x00000000c5780000, 0x00000000eab00000)
  object space 89600K, 85% used [0x00000000c0000000,0x00000000c4b23618,0x00000000c5780000)
 Metaspace       used 67673K, committed 68672K, reserved 1114112K
  class space    used 8207K, committed 8640K, reserved 1048576K
}
Event: 803.323 GC heap before
{Heap before GC invocations=268 (full 7):
 PSYoungGen      total 2048K, used 1952K [0x00000000eab00000, 0x00000000eae00000, 0x0000000100000000)
  eden space 1536K, 100% used [0x00000000eab00000,0x00000000eac80000,0x00000000eac80000)
  from space 512K, 81% used [0x00000000ead00000,0x00000000ead68000,0x00000000ead80000)
  to   space 512K, 0% used [0x00000000eac80000,0x00000000eac80000,0x00000000ead00000)
 ParOldGen       total 89600K, used 76941K [0x00000000c0000000, 0x00000000c5780000, 0x00000000eab00000)
  object space 89600K, 85% used [0x00000000c0000000,0x00000000c4b23618,0x00000000c5780000)
 Metaspace       used 67673K, committed 68672K, reserved 1114112K
  class space    used 8207K, committed 8640K, reserved 1048576K
}
Event: 803.324 GC heap after
{Heap after GC invocations=268 (full 7):
 PSYoungGen      total 2048K, used 384K [0x00000000eab00000, 0x00000000eae00000, 0x0000000100000000)
  eden space 1536K, 0% used [0x00000000eab00000,0x00000000eab00000,0x00000000eac80000)
  from space 512K, 75% used [0x00000000eac80000,0x00000000eace0000,0x00000000ead00000)
  to   space 512K, 0% used [0x00000000ead80000,0x00000000ead80000,0x00000000eae00000)
 ParOldGen       total 89600K, used 77160K [0x00000000c0000000, 0x00000000c5780000, 0x00000000eab00000)
  object space 89600K, 86% used [0x00000000c0000000,0x00000000c4b5a220,0x00000000c5780000)
 Metaspace       used 67673K, committed 68672K, reserved 1114112K
  class space    used 8207K, committed 8640K, reserved 1048576K
}
Event: 803.327 GC heap before
{Heap before GC invocations=269 (full 7):
 PSYoungGen      total 2048K, used 1920K [0x00000000eab00000, 0x00000000eae00000, 0x0000000100000000)
  eden space 1536K, 100% used [0x00000000eab00000,0x00000000eac80000,0x00000000eac80000)
  from space 512K, 75% used [0x00000000eac80000,0x00000000eace0000,0x00000000ead00000)
  to   space 512K, 0% used [0x00000000ead80000,0x00000000ead80000,0x00000000eae00000)
 ParOldGen       total 89600K, used 77160K [0x00000000c0000000, 0x00000000c5780000, 0x00000000eab00000)
  object space 89600K, 86% used [0x00000000c0000000,0x00000000c4b5a220,0x00000000c5780000)
 Metaspace       used 67673K, committed 68672K, reserved 1114112K
  class space    used 8207K, committed 8640K, reserved 1048576K
}
Event: 803.328 GC heap after
{Heap after GC invocations=269 (full 7):
 PSYoungGen      total 2560K, used 352K [0x00000000eab00000, 0x00000000eae00000, 0x0000000100000000)
  eden space 2048K, 0% used [0x00000000eab00000,0x00000000eab00000,0x00000000ead00000)
  from space 512K, 68% used [0x00000000ead80000,0x00000000eadd8000,0x00000000eae00000)
  to   space 512K, 0% used [0x00000000ead00000,0x00000000ead00000,0x00000000ead80000)
 ParOldGen       total 89600K, used 77344K [0x00000000c0000000, 0x00000000c5780000, 0x00000000eab00000)
  object space 89600K, 86% used [0x00000000c0000000,0x00000000c4b88220,0x00000000c5780000)
 Metaspace       used 67673K, committed 68672K, reserved 1114112K
  class space    used 8207K, committed 8640K, reserved 1048576K
}
Event: 803.391 GC heap before
{Heap before GC invocations=270 (full 7):
 PSYoungGen      total 2560K, used 2399K [0x00000000eab00000, 0x00000000eae00000, 0x0000000100000000)
  eden space 2048K, 99% used [0x00000000eab00000,0x00000000eacfff18,0x00000000ead00000)
  from space 512K, 68% used [0x00000000ead80000,0x00000000eadd8000,0x00000000eae00000)
  to   space 512K, 0% used [0x00000000ead00000,0x00000000ead00000,0x00000000ead80000)
 ParOldGen       total 89600K, used 77344K [0x00000000c0000000, 0x00000000c5780000, 0x00000000eab00000)
  object space 89600K, 86% used [0x00000000c0000000,0x00000000c4b88220,0x00000000c5780000)
 Metaspace       used 67673K, committed 68672K, reserved 1114112K
  class space    used 8207K, committed 8640K, reserved 1048576K
}
Event: 803.392 GC heap after
{Heap after GC invocations=270 (full 7):
 PSYoungGen      total 2560K, used 288K [0x00000000eab00000, 0x00000000eae00000, 0x0000000100000000)
  eden space 2048K, 0% used [0x00000000eab00000,0x00000000eab00000,0x00000000ead00000)
  from space 512K, 56% used [0x00000000ead00000,0x00000000ead48000,0x00000000ead80000)
  to   space 512K, 0% used [0x00000000ead80000,0x00000000ead80000,0x00000000eae00000)
 ParOldGen       total 89600K, used 77528K [0x00000000c0000000, 0x00000000c5780000, 0x00000000eab00000)
  object space 89600K, 86% used [0x00000000c0000000,0x00000000c4bb6220,0x00000000c5780000)
 Metaspace       used 67673K, committed 68672K, reserved 1114112K
  class space    used 8207K, committed 8640K, reserved 1048576K
}
Event: 803.498 GC heap before
{Heap before GC invocations=271 (full 7):
 PSYoungGen      total 2560K, used 2336K [0x00000000eab00000, 0x00000000eae00000, 0x0000000100000000)
  eden space 2048K, 100% used [0x00000000eab00000,0x00000000ead00000,0x00000000ead00000)
  from space 512K, 56% used [0x00000000ead00000,0x00000000ead48000,0x00000000ead80000)
  to   space 512K, 0% used [0x00000000ead80000,0x00000000ead80000,0x00000000eae00000)
 ParOldGen       total 89600K, used 77528K [0x00000000c0000000, 0x00000000c5780000, 0x00000000eab00000)
  object space 89600K, 86% used [0x00000000c0000000,0x00000000c4bb6220,0x00000000c5780000)
 Metaspace       used 67674K, committed 68672K, reserved 1114112K
  class space    used 8207K, committed 8640K, reserved 1048576K
}
Event: 803.498 GC heap after
{Heap after GC invocations=271 (full 7):
 PSYoungGen      total 2560K, used 224K [0x00000000eab00000, 0x00000000eae00000, 0x0000000100000000)
  eden space 2048K, 0% used [0x00000000eab00000,0x00000000eab00000,0x00000000ead00000)
  from space 512K, 43% used [0x00000000ead80000,0x00000000eadb8000,0x00000000eae00000)
  to   space 512K, 0% used [0x00000000ead00000,0x00000000ead00000,0x00000000ead80000)
 ParOldGen       total 89600K, used 77584K [0x00000000c0000000, 0x00000000c5780000, 0x00000000eab00000)
  object space 89600K, 86% used [0x00000000c0000000,0x00000000c4bc4220,0x00000000c5780000)
 Metaspace       used 67674K, committed 68672K, reserved 1114112K
  class space    used 8207K, committed 8640K, reserved 1048576K
}
Event: 803.611 GC heap before
{Heap before GC invocations=272 (full 7):
 PSYoungGen      total 2560K, used 2272K [0x00000000eab00000, 0x00000000eae00000, 0x0000000100000000)
  eden space 2048K, 100% used [0x00000000eab00000,0x00000000ead00000,0x00000000ead00000)
  from space 512K, 43% used [0x00000000ead80000,0x00000000eadb8000,0x00000000eae00000)
  to   space 512K, 0% used [0x00000000ead00000,0x00000000ead00000,0x00000000ead80000)
 ParOldGen       total 89600K, used 77584K [0x00000000c0000000, 0x00000000c5780000, 0x00000000eab00000)
  object space 89600K, 86% used [0x00000000c0000000,0x00000000c4bc4220,0x00000000c5780000)
 Metaspace       used 67857K, committed 68928K, reserved 1114112K
  class space    used 8222K, committed 8704K, reserved 1048576K
}
Event: 803.612 GC heap after
{Heap after GC invocations=272 (full 7):
 PSYoungGen      total 2560K, used 256K [0x00000000eab00000, 0x00000000eae00000, 0x0000000100000000)
  eden space 2048K, 0% used [0x00000000eab00000,0x00000000eab00000,0x00000000ead00000)
  from space 512K, 50% used [0x00000000ead00000,0x00000000ead40000,0x00000000ead80000)
  to   space 512K, 0% used [0x00000000ead80000,0x00000000ead80000,0x00000000eae00000)
 ParOldGen       total 89600K, used 77632K [0x00000000c0000000, 0x00000000c5780000, 0x00000000eab00000)
  object space 89600K, 86% used [0x00000000c0000000,0x00000000c4bd0220,0x00000000c5780000)
 Metaspace       used 67857K, committed 68928K, reserved 1114112K
  class space    used 8222K, committed 8704K, reserved 1048576K
}

Deoptimization events (20 events):
Event: 803.566 Thread 0x000001fadf94ffb0 Uncommon trap: trap_request=0xffffffc6 fr.pc=0x000001face971928 relative=0x0000000000000088
Event: 803.566 Thread 0x000001fadf94ffb0 Uncommon trap: reason=bimorphic_or_optimized_type_check action=maybe_recompile pc=0x000001face971928 method=java.util.AbstractList$Itr.hasNext()Z @ 8 c2
Event: 803.566 Thread 0x000001fadf94ffb0 DEOPT PACKING pc=0x000001face971928 sp=0x0000007736dfd4d0
Event: 803.566 Thread 0x000001fadf94ffb0 DEOPT UNPACKING pc=0x000001fac6b020a3 sp=0x0000007736dfd468 mode 2
Event: 803.605 Thread 0x000001faddc7b530 Uncommon trap: trap_request=0xffffff45 fr.pc=0x000001face9f0254 relative=0x00000000000002d4
Event: 803.605 Thread 0x000001faddc7b530 Uncommon trap: reason=unstable_if action=reinterpret pc=0x000001face9f0254 method=java.lang.StringCoding.implEncodeAsciiArray([CI[BII)I @ 23 c2
Event: 803.605 Thread 0x000001faddc7b530 DEOPT PACKING pc=0x000001face9f0254 sp=0x00000077367fe220
Event: 803.605 Thread 0x000001faddc7b530 DEOPT UNPACKING pc=0x000001fac6b020a3 sp=0x00000077367fe1a0 mode 2
Event: 803.606 Thread 0x000001faddc7b530 Uncommon trap: trap_request=0xffffff45 fr.pc=0x000001face683f38 relative=0x00000000000011d8
Event: 803.606 Thread 0x000001faddc7b530 Uncommon trap: reason=unstable_if action=reinterpret pc=0x000001face683f38 method=com.google.gson.stream.JsonWriter.string(Ljava/lang/String;)V @ 57 c2
Event: 803.606 Thread 0x000001faddc7b530 DEOPT PACKING pc=0x000001face683f38 sp=0x00000077367fdd20
Event: 803.606 Thread 0x000001faddc7b530 DEOPT UNPACKING pc=0x000001fac6b020a3 sp=0x00000077367fdcf8 mode 2
Event: 803.615 Thread 0x000001fadf9512f0 Uncommon trap: trap_request=0xffffff45 fr.pc=0x000001face6d81a4 relative=0x00000000000000a4
Event: 803.615 Thread 0x000001fadf9512f0 Uncommon trap: reason=unstable_if action=reinterpret pc=0x000001face6d81a4 method=org.eclipse.core.internal.jobs.InternalJob.getState()I @ 10 c2
Event: 803.615 Thread 0x000001fadf9512f0 DEOPT PACKING pc=0x000001face6d81a4 sp=0x00000077374fe900
Event: 803.615 Thread 0x000001fadf9512f0 DEOPT UNPACKING pc=0x000001fac6b020a3 sp=0x00000077374fe838 mode 2
Event: 803.615 Thread 0x000001fadf94e7a0 Uncommon trap: trap_request=0xffffff45 fr.pc=0x000001face847124 relative=0x00000000000000a4
Event: 803.615 Thread 0x000001fadf94e7a0 Uncommon trap: reason=unstable_if action=reinterpret pc=0x000001face847124 method=org.eclipse.core.internal.jobs.InternalJob.getState()I @ 10 c2
Event: 803.615 Thread 0x000001fadf94e7a0 DEOPT PACKING pc=0x000001face847124 sp=0x00000077376ff2c0
Event: 803.615 Thread 0x000001fadf94e7a0 DEOPT UNPACKING pc=0x000001fac6b020a3 sp=0x00000077376ff258 mode 2

Classes unloaded (16 events):
Event: 20.118 Thread 0x000001fada1b58e0 Unloading class 0x0000000100594c00 'java/lang/invoke/LambdaForm$MH+0x0000000100594c00'
Event: 20.118 Thread 0x000001fada1b58e0 Unloading class 0x0000000100594400 'java/lang/invoke/LambdaForm$MH+0x0000000100594400'
Event: 20.118 Thread 0x000001fada1b58e0 Unloading class 0x0000000100594000 'java/lang/invoke/LambdaForm$MH+0x0000000100594000'
Event: 20.118 Thread 0x000001fada1b58e0 Unloading class 0x0000000100594800 'java/lang/invoke/LambdaForm$MH+0x0000000100594800'
Event: 20.118 Thread 0x000001fada1b58e0 Unloading class 0x0000000100593800 'java/lang/invoke/LambdaForm$DMH+0x0000000100593800'
Event: 20.118 Thread 0x000001fada1b58e0 Unloading class 0x0000000100593400 'java/lang/invoke/LambdaForm$DMH+0x0000000100593400'
Event: 20.118 Thread 0x000001fada1b58e0 Unloading class 0x0000000100593000 'java/lang/invoke/LambdaForm$DMH+0x0000000100593000'
Event: 20.118 Thread 0x000001fada1b58e0 Unloading class 0x0000000100592800 'java/lang/invoke/LambdaForm$DMH+0x0000000100592800'
Event: 20.118 Thread 0x000001fada1b58e0 Unloading class 0x0000000100592000 'java/lang/invoke/LambdaForm$DMH+0x0000000100592000'
Event: 20.118 Thread 0x000001fada1b58e0 Unloading class 0x0000000100592400 'java/lang/invoke/LambdaForm$DMH+0x0000000100592400'
Event: 20.118 Thread 0x000001fada1b58e0 Unloading class 0x0000000100591c00 'java/lang/invoke/LambdaForm$DMH+0x0000000100591c00'
Event: 20.118 Thread 0x000001fada1b58e0 Unloading class 0x0000000100591400 'java/lang/invoke/LambdaForm$DMH+0x0000000100591400'
Event: 20.118 Thread 0x000001fada1b58e0 Unloading class 0x0000000100590400 'java/lang/invoke/LambdaForm$DMH+0x0000000100590400'
Event: 20.118 Thread 0x000001fada1b58e0 Unloading class 0x0000000100590800 'java/lang/invoke/LambdaForm$DMH+0x0000000100590800'
Event: 20.118 Thread 0x000001fada1b58e0 Unloading class 0x0000000100591000 'java/lang/invoke/LambdaForm$DMH+0x0000000100591000'
Event: 20.118 Thread 0x000001fada1b58e0 Unloading class 0x0000000100590c00 'java/lang/invoke/LambdaForm$DMH+0x0000000100590c00'

Classes redefined (0 events):
No events

Internal exceptions (20 events):
Event: 799.850 Thread 0x000001fadf94ffb0 Exception <a 'sun/nio/fs/WindowsException'{0x00000000eab64df0}> (0x00000000eab64df0) 
thrown [e:\jenkins\tmp\workspace\build\src\src\hotspot\share\prims\jni.cpp, line 516]
Event: 799.854 Thread 0x000001fadf94ffb0 Exception <a 'sun/nio/fs/WindowsException'{0x00000000eab949b0}> (0x00000000eab949b0) 
thrown [e:\jenkins\tmp\workspace\build\src\src\hotspot\share\prims\jni.cpp, line 516]
Event: 799.858 Thread 0x000001fadf94ffb0 Exception <a 'sun/nio/fs/WindowsException'{0x00000000eaba1850}> (0x00000000eaba1850) 
thrown [e:\jenkins\tmp\workspace\build\src\src\hotspot\share\prims\jni.cpp, line 516]
Event: 803.227 Thread 0x000001faddc7b530 Exception <a 'sun/nio/fs/WindowsException'{0x00000000eab676f0}> (0x00000000eab676f0) 
thrown [e:\jenkins\tmp\workspace\build\src\src\hotspot\share\prims\jni.cpp, line 516]
Event: 803.278 Thread 0x000001faddc7b530 Exception <a 'sun/nio/fs/WindowsException'{0x00000000eab55298}> (0x00000000eab55298) 
thrown [e:\jenkins\tmp\workspace\build\src\src\hotspot\share\prims\jni.cpp, line 516]
Event: 803.347 Thread 0x000001faddc7b530 Exception <a 'sun/nio/fs/WindowsException'{0x00000000eab93db8}> (0x00000000eab93db8) 
thrown [e:\jenkins\tmp\workspace\build\src\src\hotspot\share\prims\jni.cpp, line 516]
Event: 803.367 Thread 0x000001faddc7b530 Exception <a 'sun/nio/fs/WindowsException'{0x00000000eac38a20}> (0x00000000eac38a20) 
thrown [e:\jenkins\tmp\workspace\build\src\src\hotspot\share\prims\jni.cpp, line 516]
Event: 803.419 Thread 0x000001faddc7b530 Exception <a 'sun/nio/fs/WindowsException'{0x00000000eab4b020}> (0x00000000eab4b020) 
thrown [e:\jenkins\tmp\workspace\build\src\src\hotspot\share\prims\jni.cpp, line 516]
Event: 803.521 Thread 0x000001fadf94ffb0 Exception <a 'sun/nio/fs/WindowsException'{0x00000000eab69990}> (0x00000000eab69990) 
thrown [e:\jenkins\tmp\workspace\build\src\src\hotspot\share\prims\jni.cpp, line 516]
Event: 803.536 Thread 0x000001fadf94ffb0 Exception <a 'sun/nio/fs/WindowsException'{0x00000000eab95df8}> (0x00000000eab95df8) 
thrown [e:\jenkins\tmp\workspace\build\src\src\hotspot\share\prims\jni.cpp, line 516]
Event: 803.537 Thread 0x000001fadf94ffb0 Exception <a 'sun/nio/fs/WindowsException'{0x00000000eab9ce60}> (0x00000000eab9ce60) 
thrown [e:\jenkins\tmp\workspace\build\src\src\hotspot\share\prims\jni.cpp, line 516]
Event: 803.539 Thread 0x000001fadf94ffb0 Exception <a 'sun/nio/fs/WindowsException'{0x00000000eaba2c08}> (0x00000000eaba2c08) 
thrown [e:\jenkins\tmp\workspace\build\src\src\hotspot\share\prims\jni.cpp, line 516]
Event: 803.540 Thread 0x000001fadf94ffb0 Exception <a 'sun/nio/fs/WindowsException'{0x00000000eaba8af0}> (0x00000000eaba8af0) 
thrown [e:\jenkins\tmp\workspace\build\src\src\hotspot\share\prims\jni.cpp, line 516]
Event: 803.542 Thread 0x000001fadf94ffb0 Exception <a 'sun/nio/fs/WindowsException'{0x00000000eabb50e8}> (0x00000000eabb50e8) 
thrown [e:\jenkins\tmp\workspace\build\src\src\hotspot\share\prims\jni.cpp, line 516]
Event: 803.563 Thread 0x000001fadf94ffb0 Exception <a 'sun/nio/fs/WindowsException'{0x00000000eac1c1b0}> (0x00000000eac1c1b0) 
thrown [e:\jenkins\tmp\workspace\build\src\src\hotspot\share\prims\jni.cpp, line 516]
Event: 803.569 Thread 0x000001fadf94ffb0 Exception <a 'sun/nio/fs/WindowsException'{0x00000000eac378b8}> (0x00000000eac378b8) 
thrown [e:\jenkins\tmp\workspace\build\src\src\hotspot\share\prims\jni.cpp, line 516]
Event: 803.576 Thread 0x000001fadf94ffb0 Exception <a 'java/lang/OutOfMemoryError'{0x00000000eac4c628}: unable to create native thread: possibly out of memory or process/resource limits reached> (0x00000000eac4c628) 
thrown [e:\jenkins\tmp\workspace\build\src\src\hotspot\share\prims\jvm.cpp, line 2920]
Event: 803.583 Thread 0x000001fadf94ffb0 Exception <a 'sun/nio/fs/WindowsException'{0x00000000eac6ac68}> (0x00000000eac6ac68) 
thrown [e:\jenkins\tmp\workspace\build\src\src\hotspot\share\prims\jni.cpp, line 516]
Event: 803.589 Thread 0x000001fadf94ffb0 Exception <a 'sun/nio/fs/WindowsException'{0x00000000eac87ea0}> (0x00000000eac87ea0) 
thrown [e:\jenkins\tmp\workspace\build\src\src\hotspot\share\prims\jni.cpp, line 516]
Event: 803.603 Thread 0x000001faddc7b530 Exception <a 'java/io/IOException'{0x00000000eacb0798}> (0x00000000eacb0798) 
thrown [e:\jenkins\tmp\workspace\build\src\src\hotspot\share\prims\jni.cpp, line 516]

VM Operations (20 events):
Event: 803.304 Executing VM operation: ParallelGCFailedAllocation
Event: 803.305 Executing VM operation: ParallelGCFailedAllocation done
Event: 803.308 Executing VM operation: ParallelGCFailedAllocation
Event: 803.308 Executing VM operation: ParallelGCFailedAllocation done
Event: 803.310 Executing VM operation: ParallelGCFailedAllocation
Event: 803.311 Executing VM operation: ParallelGCFailedAllocation done
Event: 803.314 Executing VM operation: ParallelGCFailedAllocation
Event: 803.315 Executing VM operation: ParallelGCFailedAllocation done
Event: 803.318 Executing VM operation: ParallelGCFailedAllocation
Event: 803.319 Executing VM operation: ParallelGCFailedAllocation done
Event: 803.323 Executing VM operation: ParallelGCFailedAllocation
Event: 803.324 Executing VM operation: ParallelGCFailedAllocation done
Event: 803.327 Executing VM operation: ParallelGCFailedAllocation
Event: 803.328 Executing VM operation: ParallelGCFailedAllocation done
Event: 803.391 Executing VM operation: ParallelGCFailedAllocation
Event: 803.392 Executing VM operation: ParallelGCFailedAllocation done
Event: 803.498 Executing VM operation: ParallelGCFailedAllocation
Event: 803.498 Executing VM operation: ParallelGCFailedAllocation done
Event: 803.611 Executing VM operation: ParallelGCFailedAllocation
Event: 803.612 Executing VM operation: ParallelGCFailedAllocation done

Events (20 events):
Event: 798.580 Thread 0x000001fada20d2b0 flushing nmethod 0x000001fac7fa4510
Event: 798.580 Thread 0x000001fada20d2b0 flushing nmethod 0x000001fac803c810
Event: 798.580 Thread 0x000001fada20d2b0 flushing nmethod 0x000001fac804b590
Event: 798.581 Thread 0x000001fada20d2b0 flushing nmethod 0x000001fac8059c90
Event: 798.581 Thread 0x000001fada20d2b0 flushing nmethod 0x000001fac8068a10
Event: 798.581 Thread 0x000001fada20d2b0 flushing nmethod 0x000001fac8072690
Event: 798.616 Thread 0x000001fadd183eb0 Thread added: 0x000001fadd183eb0
Event: 798.633 Thread 0x000001fae13f0530 Thread added: 0x000001fae13f0530
Event: 798.633 Thread 0x000001fae13ef6c0 Thread added: 0x000001fae13ef6c0
Event: 798.636 Thread 0x000001fae13f0530 Thread exited: 0x000001fae13f0530
Event: 799.508 Thread 0x000001fae13ef6c0 Thread exited: 0x000001fae13ef6c0
Event: 799.508 Thread 0x000001fadd183eb0 Thread exited: 0x000001fadd183eb0
Event: 799.508 Thread 0x000001fadf951c90 Thread exited: 0x000001fadf951c90
Event: 799.543 Thread 0x000001fae0c60fe0 Thread exited: 0x000001fae0c60fe0
Event: 799.547 Thread 0x000001fae20f3c90 Thread added: 0x000001fae20f3c90
Event: 799.549 Thread 0x000001fae20f32f0 Thread added: 0x000001fae20f32f0
Event: 799.805 Thread 0x000001fae20f32f0 Thread exited: 0x000001fae20f32f0
Event: 799.835 Thread 0x000001faddf5c9f0 Thread added: 0x000001faddf5c9f0
Event: 799.838 Thread 0x000001faddf5c4e0 Thread added: 0x000001faddf5c4e0
Event: 799.839 Thread 0x000001fae0f87860 Thread added: 0x000001fae0f87860


Dynamic libraries:
0x00007ff6d92b0000 - 0x00007ff6d92be000 	c:\Users\Saukh\.vscode\extensions\redhat.java-1.7.0-win32-x64\jre\17.0.3-win32-x86_64\bin\java.exe
0x00007ff923c20000 - 0x00007ff923e29000 	C:\WINDOWS\SYSTEM32\ntdll.dll
0x00007ff922040000 - 0x00007ff9220fd000 	C:\WINDOWS\System32\KERNEL32.DLL
0x00007ff921580000 - 0x00007ff9218f9000 	C:\WINDOWS\System32\KERNELBASE.dll
0x00007ff9212c0000 - 0x00007ff9213d1000 	C:\WINDOWS\System32\ucrtbase.dll
0x00007ff91e610000 - 0x00007ff91e629000 	c:\Users\Saukh\.vscode\extensions\redhat.java-1.7.0-win32-x64\jre\17.0.3-win32-x86_64\bin\VCRUNTIME140.dll
0x00007ff91ed10000 - 0x00007ff91ed28000 	c:\Users\Saukh\.vscode\extensions\redhat.java-1.7.0-win32-x64\jre\17.0.3-win32-x86_64\bin\jli.dll
0x00007ff9227e0000 - 0x00007ff92298c000 	C:\WINDOWS\System32\USER32.dll
0x00007ff9213e0000 - 0x00007ff921406000 	C:\WINDOWS\System32\win32u.dll
0x00007ff922990000 - 0x00007ff9229b9000 	C:\WINDOWS\System32\GDI32.dll
0x00007ff921100000 - 0x00007ff921212000 	C:\WINDOWS\System32\gdi32full.dll
0x00007ff921220000 - 0x00007ff9212bd000 	C:\WINDOWS\System32\msvcp_win.dll
0x00007ff908900000 - 0x00007ff908ba5000 	C:\WINDOWS\WinSxS\amd64_microsoft.windows.common-controls_6595b64144ccf1df_6.0.22000.120_none_9d947278b86cc467\COMCTL32.dll
0x00007ff923680000 - 0x00007ff923723000 	C:\WINDOWS\System32\msvcrt.dll
0x00007ff9234f0000 - 0x00007ff923521000 	C:\WINDOWS\System32\IMM32.DLL
0x00007ff91e720000 - 0x00007ff91e72c000 	c:\Users\Saukh\.vscode\extensions\redhat.java-1.7.0-win32-x64\jre\17.0.3-win32-x86_64\bin\vcruntime140_1.dll
0x00007ff8f5810000 - 0x00007ff8f58a1000 	c:\Users\Saukh\.vscode\extensions\redhat.java-1.7.0-win32-x64\jre\17.0.3-win32-x86_64\bin\msvcp140.dll
0x00007ff8c85c0000 - 0x00007ff8c9208000 	c:\Users\Saukh\.vscode\extensions\redhat.java-1.7.0-win32-x64\jre\17.0.3-win32-x86_64\bin\server\jvm.dll
0x00007ff9235d0000 - 0x00007ff92367e000 	C:\WINDOWS\System32\ADVAPI32.dll
0x00007ff923530000 - 0x00007ff9235ce000 	C:\WINDOWS\System32\sechost.dll
0x00007ff921e70000 - 0x00007ff921f90000 	C:\WINDOWS\System32\RPCRT4.dll
0x00007ff923bd0000 - 0x00007ff923bd8000 	C:\WINDOWS\System32\PSAPI.DLL
0x00007ff91e3e0000 - 0x00007ff91e3e9000 	C:\WINDOWS\SYSTEM32\WSOCK32.dll
0x00007ff923390000 - 0x00007ff9233ff000 	C:\WINDOWS\System32\WS2_32.dll
0x00007ff918410000 - 0x00007ff918443000 	C:\WINDOWS\SYSTEM32\WINMM.dll
0x00007ff9159b0000 - 0x00007ff9159ba000 	C:\WINDOWS\SYSTEM32\VERSION.dll
0x00007ff9201c0000 - 0x00007ff9201d8000 	C:\WINDOWS\SYSTEM32\kernel.appcore.dll
0x00007ff91e540000 - 0x00007ff91e54a000 	c:\Users\Saukh\.vscode\extensions\redhat.java-1.7.0-win32-x64\jre\17.0.3-win32-x86_64\bin\jimage.dll
0x00007ff91d8b0000 - 0x00007ff91dad1000 	C:\WINDOWS\SYSTEM32\DBGHELP.DLL
0x00007ff91e3a0000 - 0x00007ff91e3d1000 	C:\WINDOWS\SYSTEM32\dbgcore.DLL
0x00007ff921a30000 - 0x00007ff921aaf000 	C:\WINDOWS\System32\bcryptPrimitives.dll
0x00007ff918cf0000 - 0x00007ff918d15000 	c:\Users\Saukh\.vscode\extensions\redhat.java-1.7.0-win32-x64\jre\17.0.3-win32-x86_64\bin\java.dll
0x00007ff918c30000 - 0x00007ff918c48000 	c:\Users\Saukh\.vscode\extensions\redhat.java-1.7.0-win32-x64\jre\17.0.3-win32-x86_64\bin\zip.dll
0x00007ff922a30000 - 0x00007ff9231e8000 	C:\WINDOWS\System32\SHELL32.dll
0x00007ff91f230000 - 0x00007ff91fa98000 	C:\WINDOWS\SYSTEM32\windows.storage.dll
0x00007ff923850000 - 0x00007ff923bc9000 	C:\WINDOWS\System32\combase.dll
0x00007ff91f0c0000 - 0x00007ff91f226000 	C:\WINDOWS\SYSTEM32\wintypes.dll
0x00007ff923400000 - 0x00007ff9234ea000 	C:\WINDOWS\System32\SHCORE.dll
0x00007ff9229d0000 - 0x00007ff922a2d000 	C:\WINDOWS\System32\shlwapi.dll
0x00007ff921030000 - 0x00007ff921051000 	C:\WINDOWS\SYSTEM32\profapi.dll
0x00007ff90f5f0000 - 0x00007ff90f609000 	C:\Users\Saukh\.vscode\extensions\redhat.java-1.7.0-win32-x64\jre\17.0.3-win32-x86_64\bin\net.dll
0x00007ff91ab30000 - 0x00007ff91ac3c000 	C:\WINDOWS\SYSTEM32\WINHTTP.dll
0x00007ff9205e0000 - 0x00007ff920647000 	C:\WINDOWS\system32\mswsock.dll
0x00007ff90e6b0000 - 0x00007ff90e6c5000 	C:\Users\Saukh\.vscode\extensions\redhat.java-1.7.0-win32-x64\jre\17.0.3-win32-x86_64\bin\nio.dll
0x00007ff9208b0000 - 0x00007ff9208c8000 	C:\WINDOWS\SYSTEM32\CRYPTSP.dll
0x00007ff920120000 - 0x00007ff920155000 	C:\WINDOWS\system32\rsaenh.dll
0x00007ff920680000 - 0x00007ff9206a9000 	C:\WINDOWS\SYSTEM32\USERENV.dll
0x00007ff920ae0000 - 0x00007ff920b07000 	C:\WINDOWS\SYSTEM32\bcrypt.dll
0x00007ff9207d0000 - 0x00007ff9207dc000 	C:\WINDOWS\SYSTEM32\CRYPTBASE.dll
0x00007ff91fcf0000 - 0x00007ff91fd1d000 	C:\WINDOWS\SYSTEM32\IPHLPAPI.DLL
0x00007ff9229c0000 - 0x00007ff9229c9000 	C:\WINDOWS\System32\NSI.dll
0x00007ff91ccd0000 - 0x00007ff91cce9000 	C:\WINDOWS\SYSTEM32\dhcpcsvc6.DLL
0x00007ff91ccb0000 - 0x00007ff91ccce000 	C:\WINDOWS\SYSTEM32\dhcpcsvc.DLL
0x00007ff91fd60000 - 0x00007ff91fe48000 	C:\WINDOWS\SYSTEM32\DNSAPI.dll
0x00007ff9030d0000 - 0x00007ff90310e000 	C:\Users\Saukh\AppData\Roaming\Code\User\globalStorage\redhat.java\1.7.0\config_win\org.eclipse.equinox.launcher\org.eclipse.equinox.launcher.win32.win32.x86_64_1.2.400.v20211117-0650\eclipse_11602.dll
0x00007ff9231f0000 - 0x00007ff92338a000 	C:\WINDOWS\System32\ole32.dll
0x00007ff91e4b0000 - 0x00007ff91e4c0000 	c:\Users\Saukh\.vscode\extensions\redhat.java-1.7.0-win32-x64\jre\17.0.3-win32-x86_64\bin\verify.dll
0x00007ff8f8d00000 - 0x00007ff8f8d44000 	C:\Users\Saukh\AppData\Local\Temp\jna-79657828\jna10192330570061466631.dll
0x00007ff91d780000 - 0x00007ff91d78e000 	C:\Users\Saukh\.vscode\extensions\redhat.java-1.7.0-win32-x64\jre\17.0.3-win32-x86_64\bin\sunmscapi.dll
0x00007ff921410000 - 0x00007ff921572000 	C:\WINDOWS\System32\CRYPT32.dll
0x00007ff920ab0000 - 0x00007ff920ad8000 	C:\WINDOWS\SYSTEM32\ncrypt.dll
0x00007ff920a70000 - 0x00007ff920aa7000 	C:\WINDOWS\SYSTEM32\NTASN1.dll
0x00007ff915eb0000 - 0x00007ff915eba000 	C:\Windows\System32\rasadhlp.dll
0x00007ff91af10000 - 0x00007ff91af91000 	C:\WINDOWS\System32\fwpuclnt.dll
0x00007ff904210000 - 0x00007ff904237000 	C:\Users\Saukh\.gradle\native\e1d6ef7f7dcc3fd88c89a11ec53ec762bb8ba0a96d01ffa2cd45eb1d1d8dd5c5\windows-amd64\native-platform.dll
0x00007ff918ce0000 - 0x00007ff918ce9000 	C:\Users\Saukh\.vscode\extensions\redhat.java-1.7.0-win32-x64\jre\17.0.3-win32-x86_64\bin\management.dll
0x00007ff918c20000 - 0x00007ff918c2b000 	C:\Users\Saukh\.vscode\extensions\redhat.java-1.7.0-win32-x64\jre\17.0.3-win32-x86_64\bin\management_ext.dll
0x00007ff90fcd0000 - 0x00007ff90fcd8000 	C:\WINDOWS\system32\wshunix.dll

dbghelp: loaded successfully - version: 4.0.5 - missing functions: none
symbol engine: initialized successfully - sym options: 0x614 - pdb path: .;c:\Users\Saukh\.vscode\extensions\redhat.java-1.7.0-win32-x64\jre\17.0.3-win32-x86_64\bin;C:\WINDOWS\SYSTEM32;C:\WINDOWS\WinSxS\amd64_microsoft.windows.common-controls_6595b64144ccf1df_6.0.22000.120_none_9d947278b86cc467;c:\Users\Saukh\.vscode\extensions\redhat.java-1.7.0-win32-x64\jre\17.0.3-win32-x86_64\bin\server;C:\Users\Saukh\AppData\Roaming\Code\User\globalStorage\redhat.java\1.7.0\config_win\org.eclipse.equinox.launcher\org.eclipse.equinox.launcher.win32.win32.x86_64_1.2.400.v20211117-0650;C:\Users\Saukh\AppData\Local\Temp\jna-79657828;C:\Users\Saukh\.gradle\native\e1d6ef7f7dcc3fd88c89a11ec53ec762bb8ba0a96d01ffa2cd45eb1d1d8dd5c5\windows-amd64

VM Arguments:
jvm_args: --add-modules=ALL-SYSTEM --add-opens=java.base/java.util=ALL-UNNAMED --add-opens=java.base/java.lang=ALL-UNNAMED --add-opens=java.base/sun.nio.fs=ALL-UNNAMED -Declipse.application=org.eclipse.jdt.ls.core.id1 -Dosgi.bundles.defaultStartLevel=4 -Declipse.product=org.eclipse.jdt.ls.core.product -Djava.import.generatesMetadataFilesAtProjectRoot=false -Dfile.encoding=utf8 -DwatchParentProcess=false -XX:+UseParallelGC -XX:GCTimeRatio=4 -XX:AdaptiveSizePolicyWeight=90 -Dsun.zip.disableMemoryMapping=true -Xmx1G -Xms100m -XX:+HeapDumpOnOutOfMemoryError -XX:HeapDumpPath=c:\Users\Saukh\AppData\Roaming\Code\User\workspaceStorage\d1cd2b73d20d83c18b56649c3c2d25fc\redhat.java 
java_command: c:\Users\Saukh\.vscode\extensions\redhat.java-1.7.0-win32-x64\server\plugins\org.eclipse.equinox.launcher_1.6.400.v20210924-0641.jar -configuration c:\Users\Saukh\AppData\Roaming\Code\User\globalStorage\redhat.java\1.7.0\config_win -data c:\Users\Saukh\AppData\Roaming\Code\User\workspaceStorage\d1cd2b73d20d83c18b56649c3c2d25fc\redhat.java\jdt_ws
java_class_path (initial): c:\Users\Saukh\.vscode\extensions\redhat.java-1.7.0-win32-x64\server\plugins\org.eclipse.equinox.launcher_1.6.400.v20210924-0641.jar
Launcher Type: SUN_STANDARD

[Global flags]
    uintx AdaptiveSizePolicyWeight                 = 90                                        {product} {command line}
     intx CICompilerCount                          = 12                                        {product} {ergonomic}
    uintx GCTimeRatio                              = 4                                         {product} {command line}
     bool HeapDumpOnOutOfMemoryError               = true                                   {manageable} {command line}
    ccstr HeapDumpPath                             = c:\Users\Saukh\AppData\Roaming\Code\User\workspaceStorage\d1cd2b73d20d83c18b56649c3c2d25fc\redhat.java         {manageable} {command line}
   size_t InitialHeapSize                          = 104857600                                 {product} {command line}
   size_t MaxHeapSize                              = 1073741824                                {product} {command line}
   size_t MaxNewSize                               = 357564416                                 {product} {ergonomic}
   size_t MinHeapDeltaBytes                        = 524288                                    {product} {ergonomic}
   size_t MinHeapSize                              = 104857600                                 {product} {command line}
   size_t NewSize                                  = 34603008                                  {product} {ergonomic}
    uintx NonNMethodCodeHeapSize                   = 7602480                                {pd product} {ergonomic}
    uintx NonProfiledCodeHeapSize                  = 122027880                              {pd product} {ergonomic}
   size_t OldSize                                  = 70254592                                  {product} {ergonomic}
    uintx ProfiledCodeHeapSize                     = 122027880                              {pd product} {ergonomic}
    uintx ReservedCodeCacheSize                    = 251658240                              {pd product} {ergonomic}
     bool SegmentedCodeCache                       = true                                      {product} {ergonomic}
   size_t SoftMaxHeapSize                          = 1073741824                             {manageable} {ergonomic}
     bool UseCompressedClassPointers               = true                           {product lp64_product} {ergonomic}
     bool UseCompressedOops                        = true                           {product lp64_product} {ergonomic}
     bool UseLargePagesIndividualAllocation        = false                                  {pd product} {ergonomic}
     bool UseParallelGC                            = true                                      {product} {command line}

Logging:
Log output configuration:
 #0: stdout all=warning uptime,level,tags
 #1: stderr all=off uptime,level,tags

Environment Variables:
JAVA_HOME=C:\Program Files\Java\jdk-11.0.15
PATH=C:\Program Files\Common Files\Oracle\Java\javapath;C:\WINDOWS\system32;C:\WINDOWS;C:\WINDOWS\System32\Wbem;C:\WINDOWS\System32\WindowsPowerShell\v1.0\;C:\WINDOWS\System32\OpenSSH\;C:\ProgramData\chocolatey\bin;C:\Program Files\nodejs\;C:\Program Files\Java\jdk-18.0.1.1;C:\Program Files\Git\cmd;C:\Users\Saukh\AppData\Local\Android\Sdk\platform-tools;C:\Users\Saukh\AppData\Local\Microsoft\WindowsApps;C:\Users\Saukh\AppData\Local\Programs\Microsoft VS Code\bin;C:\Users\Saukh\AppData\Roaming\npm;C:\Users\Saukh\AppData\Local\Programs\mongosh\;C:\Users\Saukh\AppData\Local\GitHubDesktop\bin
USERNAME=Saukh
OS=Windows_NT
PROCESSOR_IDENTIFIER=AMD64 Family 23 Model 104 Stepping 1, AuthenticAMD



---------------  S Y S T E M  ---------------

OS:
 Windows 11 , 64 bit Build 22000 (10.0.22000.708)
OS uptime: 14 days 14:55 hours
Hyper-V role detected

CPU: total 16 (initial active 16) (16 cores per cpu, 2 threads per core) family 23 model 104 stepping 1 microcode 0x0, cx8, cmov, fxsr, ht, mmx, 3dnowpref, sse, sse2, sse3, ssse3, sse4a, sse4.1, sse4.2, popcnt, lzcnt, tsc, tscinvbit, avx, avx2, aes, clmul, bmi1, bmi2, adx, sha, fma, vzeroupper, clflush, clflushopt, hv

Memory: 4k page, system-wide physical 14197M (644M free)
TotalPageFile size 57205M (AvailPageFile size 252M)
current process WorkingSet (physical memory assigned to process): 225M, peak: 319M
current process commit charge ("private bytes"): 339M, peak: 408M

vm_info: OpenJDK 64-Bit Server VM (17.0.3+7) for windows-amd64 JRE (17.0.3+7), built on Apr 19 2022 16:55:35 by "" with MS VC++ 16.7 (VS2019)

END.
